2022-08-11 22:33:49,780 INFO org.hibernate.validator.internal.util.Version [background-preinit] HV000001: Hibernate Validator 6.2.3.Final
2022-08-11 22:33:49,791 INFO org.springframework.boot.StartupInfoLogger [restartedMain] Starting MontreIstaApplication using Java 17.0.3 on LAPTOP-40MBARLA with PID 13796 (C:\Users\ASUS\Documents\BootcampJava\FinalProject\monstreISTa\target\classes started by ASUS in C:\Users\ASUS\Documents\BootcampJava\FinalProject\monstreISTa)
2022-08-11 22:33:49,792 INFO org.springframework.boot.SpringApplication [restartedMain] No active profile set, falling back to 1 default profile: "default"
2022-08-11 22:33:49,855 INFO org.springframework.boot.logging.DeferredLog [restartedMain] Devtools property defaults active! Set 'spring.devtools.add-properties' to 'false' to disable
2022-08-11 22:33:49,855 INFO org.springframework.boot.logging.DeferredLog [restartedMain] For additional web related logging consider setting the 'logging.level.web' property to 'DEBUG'
2022-08-11 22:33:51,154 INFO org.springframework.data.repository.config.RepositoryConfigurationDelegate [restartedMain] Bootstrapping Spring Data JPA repositories in DEFAULT mode.
2022-08-11 22:33:51,334 INFO org.springframework.data.repository.config.RepositoryConfigurationDelegate [restartedMain] Finished Spring Data repository scanning in 167 ms. Found 16 JPA repository interfaces.
2022-08-11 22:33:52,313 INFO org.springframework.boot.web.embedded.tomcat.TomcatWebServer [restartedMain] Tomcat initialized with port(s): 8090 (http)
2022-08-11 22:33:52,329 INFO org.apache.juli.logging.DirectJDKLog [restartedMain] Initializing ProtocolHandler ["http-nio-8090"]
2022-08-11 22:33:52,330 INFO org.apache.juli.logging.DirectJDKLog [restartedMain] Starting service [Tomcat]
2022-08-11 22:33:52,330 INFO org.apache.juli.logging.DirectJDKLog [restartedMain] Starting Servlet engine: [Apache Tomcat/9.0.65]
2022-08-11 22:33:52,458 INFO org.apache.juli.logging.DirectJDKLog [restartedMain] Initializing Spring embedded WebApplicationContext
2022-08-11 22:33:52,460 INFO org.springframework.boot.web.servlet.context.ServletWebServerApplicationContext [restartedMain] Root WebApplicationContext: initialization completed in 2603 ms
2022-08-11 22:33:52,705 INFO org.hibernate.jpa.internal.util.LogHelper [restartedMain] HHH000204: Processing PersistenceUnitInfo [name: default]
2022-08-11 22:33:52,803 INFO org.hibernate.Version [restartedMain] HHH000412: Hibernate ORM core version 5.6.10.Final
2022-08-11 22:33:53,058 INFO org.hibernate.annotations.common.reflection.java.JavaReflectionManager [restartedMain] HCANN000001: Hibernate Commons Annotations {5.1.2.Final}
2022-08-11 22:33:53,195 INFO com.zaxxer.hikari.HikariDataSource [restartedMain] HikariPool-1 - Starting...
2022-08-11 22:33:53,438 INFO com.zaxxer.hikari.HikariDataSource [restartedMain] HikariPool-1 - Start completed.
2022-08-11 22:33:53,461 INFO org.hibernate.dialect.Dialect [restartedMain] HHH000400: Using dialect: org.hibernate.dialect.PostgresPlusDialect
2022-08-11 22:33:54,906 INFO org.hibernate.engine.transaction.jta.platform.internal.JtaPlatformInitiator [restartedMain] HHH000490: Using JtaPlatform implementation: [org.hibernate.engine.transaction.jta.platform.internal.NoJtaPlatform]
2022-08-11 22:33:54,916 INFO org.springframework.orm.jpa.AbstractEntityManagerFactoryBean [restartedMain] Initialized JPA EntityManagerFactory for persistence unit 'default'
2022-08-11 22:33:56,248 WARN org.springframework.boot.autoconfigure.orm.jpa.JpaBaseConfiguration$JpaWebConfiguration [restartedMain] spring.jpa.open-in-view is enabled by default. Therefore, database queries may be performed during view rendering. Explicitly configure spring.jpa.open-in-view to disable this warning
2022-08-11 22:33:56,513 INFO org.springframework.security.web.DefaultSecurityFilterChain [restartedMain] Will secure any request with [org.springframework.security.web.session.DisableEncodeUrlFilter@44facbd, org.springframework.security.web.context.request.async.WebAsyncManagerIntegrationFilter@f6005c0, org.springframework.security.web.context.SecurityContextPersistenceFilter@7b9b1097, org.springframework.security.web.header.HeaderWriterFilter@301faa9d, org.springframework.security.web.authentication.logout.LogoutFilter@25b77eaa, org.springframework.security.web.savedrequest.RequestCacheAwareFilter@65a7a2f3, org.springframework.security.web.servletapi.SecurityContextHolderAwareRequestFilter@78ddee49, org.springframework.security.web.authentication.AnonymousAuthenticationFilter@4b5d7f17, org.springframework.security.web.session.SessionManagementFilter@2212a180, org.springframework.security.web.access.ExceptionTranslationFilter@1f2f2418, org.springframework.security.web.access.intercept.FilterSecurityInterceptor@7f5809e2]
2022-08-11 22:33:57,634 WARN org.springframework.boot.autoconfigure.thymeleaf.ThymeleafAutoConfiguration$DefaultTemplateResolverConfiguration [restartedMain] Cannot find template location: classpath:/templates/ (please add some templates or check your Thymeleaf configuration)
2022-08-11 22:33:57,846 INFO org.springframework.boot.devtools.autoconfigure.OptionalLiveReloadServer [restartedMain] LiveReload server is running on port 35729
2022-08-11 22:33:57,866 INFO org.apache.juli.logging.DirectJDKLog [restartedMain] Starting ProtocolHandler ["http-nio-8090"]
2022-08-11 22:33:57,897 INFO org.springframework.boot.web.embedded.tomcat.TomcatWebServer [restartedMain] Tomcat started on port(s): 8090 (http) with context path ''
2022-08-11 22:33:57,910 INFO org.springframework.boot.StartupInfoLogger [restartedMain] Started MontreIstaApplication in 8.729 seconds (JVM running for 9.394)
2022-08-11 22:34:02,876 INFO org.apache.juli.logging.DirectJDKLog [http-nio-8090-exec-1] Initializing Spring DispatcherServlet 'dispatcherServlet'
2022-08-11 22:34:02,877 INFO org.springframework.web.servlet.FrameworkServlet [http-nio-8090-exec-1] Initializing Servlet 'dispatcherServlet'
2022-08-11 22:34:02,879 INFO org.springframework.web.servlet.FrameworkServlet [http-nio-8090-exec-1] Completed initialization in 2 ms
2022-08-11 22:34:03,036 INFO com.codeblue.montreISTA.controller.SellerController [http-nio-8090-exec-1] ==================== Logger Start Get All Sellers     ====================
2022-08-11 22:34:03,037 INFO com.codeblue.montreISTA.controller.SellerController [http-nio-8090-exec-1] -------------------------
2022-08-11 22:34:03,038 INFO com.codeblue.montreISTA.controller.SellerController [http-nio-8090-exec-1] Seller ID       : 1
2022-08-11 22:34:03,038 INFO com.codeblue.montreISTA.controller.SellerController [http-nio-8090-exec-1] Store Address   : Jl. Raya Pekayon No.66B
2022-08-11 22:34:03,039 INFO com.codeblue.montreISTA.controller.SellerController [http-nio-8090-exec-1] Store Name      : -Toko Jam Master Star
2022-08-11 22:34:03,040 INFO com.codeblue.montreISTA.controller.SellerController [http-nio-8090-exec-1] Store Photo     : -https://tangselmedia.com/6-daftar-toko-jam-terbaik-di-tangerang-selatan.html
2022-08-11 22:34:03,040 INFO com.codeblue.montreISTA.controller.SellerController [http-nio-8090-exec-1] -------------------------
2022-08-11 22:34:03,040 INFO com.codeblue.montreISTA.controller.SellerController [http-nio-8090-exec-1] Seller ID       : 2
2022-08-11 22:34:03,040 INFO com.codeblue.montreISTA.controller.SellerController [http-nio-8090-exec-1] Store Address   : Komplek PU Sapta Taruna 3
2022-08-11 22:34:03,041 INFO com.codeblue.montreISTA.controller.SellerController [http-nio-8090-exec-1] Store Name      : Toko Jam Ahdmad Naufal
2022-08-11 22:34:03,042 INFO com.codeblue.montreISTA.controller.SellerController [http-nio-8090-exec-1] Store Photo     : https://tangselmedia.com/wp-content/uploads/2020/01/6-Daftar-Toko-Jam-Terbaik-di-Tangerang-Selatan-aslie.png
2022-08-11 22:34:03,042 INFO com.codeblue.montreISTA.controller.SellerController [http-nio-8090-exec-1] -------------------------
2022-08-11 22:34:03,042 INFO com.codeblue.montreISTA.controller.SellerController [http-nio-8090-exec-1] Seller ID       : 3
2022-08-11 22:34:03,042 INFO com.codeblue.montreISTA.controller.SellerController [http-nio-8090-exec-1] Store Address   : Jl. Dasa Darma Blok II 
2022-08-11 22:34:03,043 INFO com.codeblue.montreISTA.controller.SellerController [http-nio-8090-exec-1] Store Name      : Ratih Arloji
2022-08-11 22:34:03,043 INFO com.codeblue.montreISTA.controller.SellerController [http-nio-8090-exec-1] Store Photo     : https://cdn-image.hipwee.com/wp-content/uploads/2018/11/hipwee-wa2-750x500.jpg
2022-08-11 22:34:03,043 INFO com.codeblue.montreISTA.controller.SellerController [http-nio-8090-exec-1] -------------------------
2022-08-11 22:34:03,043 INFO com.codeblue.montreISTA.controller.SellerController [http-nio-8090-exec-1] Seller ID       : 4
2022-08-11 22:34:03,043 INFO com.codeblue.montreISTA.controller.SellerController [http-nio-8090-exec-1] Store Address   : Pasar Baru Jati Asih Blok A1
2022-08-11 22:34:03,043 INFO com.codeblue.montreISTA.controller.SellerController [http-nio-8090-exec-1] Store Name      : Toko Arloji Asia Permai
2022-08-11 22:34:03,044 INFO com.codeblue.montreISTA.controller.SellerController [http-nio-8090-exec-1] Store Photo     : https://www.intime.co.id/wp-content/uploads/toko-jam-tangan-mewah.jpg
2022-08-11 22:34:03,044 INFO com.codeblue.montreISTA.controller.SellerController [http-nio-8090-exec-1] -------------------------
2022-08-11 22:34:03,044 INFO com.codeblue.montreISTA.controller.SellerController [http-nio-8090-exec-1] Seller ID       : 5
2022-08-11 22:34:03,044 INFO com.codeblue.montreISTA.controller.SellerController [http-nio-8090-exec-1] Store Address   : Mega Bekasi Hypermall UG
2022-08-11 22:34:03,044 INFO com.codeblue.montreISTA.controller.SellerController [http-nio-8090-exec-1] Store Name      : Matchwatch Mega Bekasi Hypermall
2022-08-11 22:34:03,044 INFO com.codeblue.montreISTA.controller.SellerController [http-nio-8090-exec-1] Store Photo     : https://blog.jamtangan.com/wp-content/uploads/2018/12/A7S0008.jpg
2022-08-11 22:34:03,044 INFO com.codeblue.montreISTA.controller.SellerController [http-nio-8090-exec-1] -------------------------
2022-08-11 22:34:03,044 INFO com.codeblue.montreISTA.controller.SellerController [http-nio-8090-exec-1] Seller ID       : 6
2022-08-11 22:34:03,044 INFO com.codeblue.montreISTA.controller.SellerController [http-nio-8090-exec-1] Store Address   : Jl. Raya Dukuh Zamrud Selatan 3
2022-08-11 22:34:03,044 INFO com.codeblue.montreISTA.controller.SellerController [http-nio-8090-exec-1] Store Name      : Toko Gaya Trendy
2022-08-11 22:34:03,045 INFO com.codeblue.montreISTA.controller.SellerController [http-nio-8090-exec-1] Store Photo     : https://www.solomediabisnis.com/wp-content/uploads/2021/01/3-2.jpeg
2022-08-11 22:34:03,045 INFO com.codeblue.montreISTA.controller.SellerController [http-nio-8090-exec-1] -------------------------
2022-08-11 22:34:03,045 INFO com.codeblue.montreISTA.controller.SellerController [http-nio-8090-exec-1] Seller ID       : 7
2022-08-11 22:34:03,045 INFO com.codeblue.montreISTA.controller.SellerController [http-nio-8090-exec-1] Store Address   : Mal Metropolitan, lantai dasar
2022-08-11 22:34:03,046 INFO com.codeblue.montreISTA.controller.SellerController [http-nio-8090-exec-1] Store Name      : Berlian Arloji
2022-08-11 22:34:03,046 INFO com.codeblue.montreISTA.controller.SellerController [http-nio-8090-exec-1] Store Photo     : https://hinyong.com/wp-content/uploads/2019/05/siapkan-perlengkapan-dan-barang-dagangan-usaha-toko-jam.jpg
2022-08-11 22:34:03,046 INFO com.codeblue.montreISTA.controller.SellerController [http-nio-8090-exec-1] -------------------------
2022-08-11 22:34:03,046 INFO com.codeblue.montreISTA.controller.SellerController [http-nio-8090-exec-1] Seller ID       : 8
2022-08-11 22:34:03,046 INFO com.codeblue.montreISTA.controller.SellerController [http-nio-8090-exec-1] Store Address   : Jl. Ir. Hj Juanda. Ps. Baru Bekasi
2022-08-11 22:34:03,047 INFO com.codeblue.montreISTA.controller.SellerController [http-nio-8090-exec-1] Store Name      : Terus Jaya
2022-08-11 22:34:03,047 INFO com.codeblue.montreISTA.controller.SellerController [http-nio-8090-exec-1] Store Photo     : https://alamatbagus.com/wp-content/uploads/2022/03/toko-jam-tangan-surabaya-cahaya-arloji.jpg
2022-08-11 22:34:03,047 INFO com.codeblue.montreISTA.controller.SellerController [http-nio-8090-exec-1] -------------------------
2022-08-11 22:34:03,048 INFO com.codeblue.montreISTA.controller.SellerController [http-nio-8090-exec-1] Seller ID       : 9
2022-08-11 22:34:03,048 INFO com.codeblue.montreISTA.controller.SellerController [http-nio-8090-exec-1] Store Address   : Jl. Ir. H. Juanda No.51
2022-08-11 22:34:03,048 INFO com.codeblue.montreISTA.controller.SellerController [http-nio-8090-exec-1] Store Name      : Toko Jam Rizky Jaya
2022-08-11 22:34:03,048 INFO com.codeblue.montreISTA.controller.SellerController [http-nio-8090-exec-1] Store Photo     : https://images.homify.com/c_fill,f_auto,q_0,w_740/v1516689893/p/photo/image/2402137/IMG_20171126_083613_858.jpg
2022-08-11 22:34:03,048 INFO com.codeblue.montreISTA.controller.SellerController [http-nio-8090-exec-1] -------------------------
2022-08-11 22:34:03,049 INFO com.codeblue.montreISTA.controller.SellerController [http-nio-8090-exec-1] Seller ID       : 10
2022-08-11 22:34:03,049 INFO com.codeblue.montreISTA.controller.SellerController [http-nio-8090-exec-1] Store Address   : Jl. Raya Jati Makmur No.11
2022-08-11 22:34:03,049 INFO com.codeblue.montreISTA.controller.SellerController [http-nio-8090-exec-1] Store Name      : Prima Arloji
2022-08-11 22:34:03,049 INFO com.codeblue.montreISTA.controller.SellerController [http-nio-8090-exec-1] Store Photo     : https://westime.com/wp-content/uploads/2020/08/Westime-Miami-Watch-Store-Interior-view.jpg
2022-08-11 22:34:03,049 INFO com.codeblue.montreISTA.controller.SellerController [http-nio-8090-exec-1] -------------------------
2022-08-11 22:34:03,050 INFO com.codeblue.montreISTA.controller.SellerController [http-nio-8090-exec-1] Seller ID       : 11
2022-08-11 22:34:03,050 INFO com.codeblue.montreISTA.controller.SellerController [http-nio-8090-exec-1] Store Address   : Jl. Ir. H. Juanda
2022-08-11 22:34:03,050 INFO com.codeblue.montreISTA.controller.SellerController [http-nio-8090-exec-1] Store Name      : Toko Arloji Mitra Jaya
2022-08-11 22:34:03,050 INFO com.codeblue.montreISTA.controller.SellerController [http-nio-8090-exec-1] Store Photo     : https://feldmarwatch.com/wp-content/themes/NewFeldmarWatch/images/watch-store-2x.jpg
2022-08-11 22:34:03,050 INFO com.codeblue.montreISTA.controller.SellerController [http-nio-8090-exec-1] -------------------------
2022-08-11 22:34:03,050 INFO com.codeblue.montreISTA.controller.SellerController [http-nio-8090-exec-1] Seller ID       : 12
2022-08-11 22:34:03,050 INFO com.codeblue.montreISTA.controller.SellerController [http-nio-8090-exec-1] Store Address   : Bekasi Junction, Jl. Ir. H. Juanda
2022-08-11 22:34:03,050 INFO com.codeblue.montreISTA.controller.SellerController [http-nio-8090-exec-1] Store Name      : Intan Jaya
2022-08-11 22:34:03,050 INFO com.codeblue.montreISTA.controller.SellerController [http-nio-8090-exec-1] Store Photo     : https://www.seikowatches.com/id-id/-/media/Images/GlobalEn/Seiko/Home/stores/store_image.jpg?mh=1125&mw=2000&hash=A7633EB5B0D8E9A913765A1F1ED7566C
2022-08-11 22:34:03,051 INFO com.codeblue.montreISTA.controller.SellerController [http-nio-8090-exec-1] -------------------------
2022-08-11 22:34:03,051 INFO com.codeblue.montreISTA.controller.SellerController [http-nio-8090-exec-1] Seller ID       : 13
2022-08-11 22:34:03,051 INFO com.codeblue.montreISTA.controller.SellerController [http-nio-8090-exec-1] Store Address   : Mega Bekasi Hypermall, Jl. A.Yani
2022-08-11 22:34:03,051 INFO com.codeblue.montreISTA.controller.SellerController [http-nio-8090-exec-1] Store Name      : Citra Arloji
2022-08-11 22:34:03,051 INFO com.codeblue.montreISTA.controller.SellerController [http-nio-8090-exec-1] Store Photo     : https://zworks.net/files/2021/08/Watch-Store-Interior-Design-3d-model-1.jpg
2022-08-11 22:34:03,051 INFO com.codeblue.montreISTA.controller.SellerController [http-nio-8090-exec-1] -------------------------
2022-08-11 22:34:03,051 INFO com.codeblue.montreISTA.controller.SellerController [http-nio-8090-exec-1] Seller ID       : 14
2022-08-11 22:34:03,052 INFO com.codeblue.montreISTA.controller.SellerController [http-nio-8090-exec-1] Store Address   : Jl. Letnan Arsyad Raya No.5
2022-08-11 22:34:03,052 INFO com.codeblue.montreISTA.controller.SellerController [http-nio-8090-exec-1] Store Name      : Sunaku Watch
2022-08-11 22:34:03,052 INFO com.codeblue.montreISTA.controller.SellerController [http-nio-8090-exec-1] Store Photo     : https://rimage.gnst.jp/livejapan.com/public/img/spot/lj/00/06/lj0006967/lj0006967_5eaa9c9ad823d_main.jpg?20210621040011&q=80
2022-08-11 22:34:03,052 INFO com.codeblue.montreISTA.controller.SellerController [http-nio-8090-exec-1] -------------------------
2022-08-11 22:34:03,052 INFO com.codeblue.montreISTA.controller.SellerController [http-nio-8090-exec-1] Seller ID       : 15
2022-08-11 22:34:03,052 INFO com.codeblue.montreISTA.controller.SellerController [http-nio-8090-exec-1] Store Address   : Mall Metropolitan Lt.1 106, JL. KH. Noerali
2022-08-11 22:34:03,052 INFO com.codeblue.montreISTA.controller.SellerController [http-nio-8090-exec-1] Store Name      : Citra Arloji
2022-08-11 22:34:03,053 INFO com.codeblue.montreISTA.controller.SellerController [http-nio-8090-exec-1] Store Photo     : https://static.gltjp.com/glt/prd/data/article/12000/11917/20180920_234806_f6dc5b9d_w1920.jpg
2022-08-11 22:34:03,053 INFO com.codeblue.montreISTA.controller.SellerController [http-nio-8090-exec-1] ==================== Logger End Get All Sellers    ====================
2022-08-11 22:34:03,053 INFO com.codeblue.montreISTA.controller.SellerController [http-nio-8090-exec-1]  
