2022-08-25 11:44:54,997 INFO org.hibernate.validator.internal.util.Version [background-preinit] HV000001: Hibernate Validator 6.2.3.Final
2022-08-25 11:44:55,009 INFO org.springframework.boot.StartupInfoLogger [restartedMain] Starting MontreIstaApplication using Java 17.0.3 on LAPTOP-40MBARLA with PID 1736 (C:\Users\ASUS\Documents\BootcampJava\FinalProject\monstreISTa\target\classes started by ASUS in C:\Users\ASUS\Documents\BootcampJava\FinalProject\monstreISTa)
2022-08-25 11:44:55,011 INFO org.springframework.boot.SpringApplication [restartedMain] No active profile set, falling back to 1 default profile: "default"
2022-08-25 11:44:55,136 INFO org.springframework.boot.logging.DeferredLog [restartedMain] Devtools property defaults active! Set 'spring.devtools.add-properties' to 'false' to disable
2022-08-25 11:44:55,137 INFO org.springframework.boot.logging.DeferredLog [restartedMain] For additional web related logging consider setting the 'logging.level.web' property to 'DEBUG'
2022-08-25 11:44:57,633 INFO org.springframework.data.repository.config.RepositoryConfigurationDelegate [restartedMain] Bootstrapping Spring Data JPA repositories in DEFAULT mode.
2022-08-25 11:44:57,957 INFO org.springframework.data.repository.config.RepositoryConfigurationDelegate [restartedMain] Finished Spring Data repository scanning in 302 ms. Found 16 JPA repository interfaces.
2022-08-25 11:44:59,750 INFO org.springframework.boot.web.embedded.tomcat.TomcatWebServer [restartedMain] Tomcat initialized with port(s): 8090 (http)
2022-08-25 11:44:59,774 INFO org.apache.juli.logging.DirectJDKLog [restartedMain] Initializing ProtocolHandler ["http-nio-8090"]
2022-08-25 11:44:59,775 INFO org.apache.juli.logging.DirectJDKLog [restartedMain] Starting service [Tomcat]
2022-08-25 11:44:59,776 INFO org.apache.juli.logging.DirectJDKLog [restartedMain] Starting Servlet engine: [Apache Tomcat/9.0.65]
2022-08-25 11:45:00,064 INFO org.apache.juli.logging.DirectJDKLog [restartedMain] Initializing Spring embedded WebApplicationContext
2022-08-25 11:45:00,064 INFO org.springframework.boot.web.servlet.context.ServletWebServerApplicationContext [restartedMain] Root WebApplicationContext: initialization completed in 4925 ms
2022-08-25 11:45:00,328 INFO org.hibernate.jpa.internal.util.LogHelper [restartedMain] HHH000204: Processing PersistenceUnitInfo [name: default]
2022-08-25 11:45:00,506 INFO org.hibernate.Version [restartedMain] HHH000412: Hibernate ORM core version 5.6.10.Final
2022-08-25 11:45:00,855 INFO org.hibernate.annotations.common.reflection.java.JavaReflectionManager [restartedMain] HCANN000001: Hibernate Commons Annotations {5.1.2.Final}
2022-08-25 11:45:01,084 INFO com.zaxxer.hikari.HikariDataSource [restartedMain] HikariPool-1 - Starting...
2022-08-25 11:45:01,310 INFO com.zaxxer.hikari.HikariDataSource [restartedMain] HikariPool-1 - Start completed.
2022-08-25 11:45:01,339 INFO org.hibernate.dialect.Dialect [restartedMain] HHH000400: Using dialect: org.hibernate.dialect.PostgresPlusDialect
2022-08-25 11:45:03,304 INFO org.hibernate.engine.transaction.jta.platform.internal.JtaPlatformInitiator [restartedMain] HHH000490: Using JtaPlatform implementation: [org.hibernate.engine.transaction.jta.platform.internal.NoJtaPlatform]
2022-08-25 11:45:03,332 INFO org.springframework.orm.jpa.AbstractEntityManagerFactoryBean [restartedMain] Initialized JPA EntityManagerFactory for persistence unit 'default'
2022-08-25 11:45:05,540 WARN org.springframework.boot.autoconfigure.orm.jpa.JpaBaseConfiguration$JpaWebConfiguration [restartedMain] spring.jpa.open-in-view is enabled by default. Therefore, database queries may be performed during view rendering. Explicitly configure spring.jpa.open-in-view to disable this warning
2022-08-25 11:45:07,000 INFO org.springframework.security.web.DefaultSecurityFilterChain [restartedMain] Will secure any request with [org.springframework.security.web.session.DisableEncodeUrlFilter@263ad882, org.springframework.security.web.context.request.async.WebAsyncManagerIntegrationFilter@3d763159, org.springframework.security.web.context.SecurityContextPersistenceFilter@57b8ff09, org.springframework.security.web.header.HeaderWriterFilter@3f30a696, org.springframework.web.filter.CorsFilter@539099aa, org.springframework.security.web.authentication.logout.LogoutFilter@48ad894b, com.codeblue.montreISTA.security.AuthTokenFilter@10686f82, org.springframework.security.web.savedrequest.RequestCacheAwareFilter@3f711b06, org.springframework.security.web.servletapi.SecurityContextHolderAwareRequestFilter@621a9b4, org.springframework.security.web.authentication.AnonymousAuthenticationFilter@1346e2a9, org.springframework.security.web.session.SessionManagementFilter@60fa266f, org.springframework.security.web.access.ExceptionTranslationFilter@93d722c, org.springframework.security.web.access.intercept.FilterSecurityInterceptor@1f7b143e]
2022-08-25 11:45:07,642 INFO org.springframework.boot.devtools.autoconfigure.OptionalLiveReloadServer [restartedMain] LiveReload server is running on port 35729
2022-08-25 11:45:07,660 INFO org.apache.juli.logging.DirectJDKLog [restartedMain] Starting ProtocolHandler ["http-nio-8090"]
2022-08-25 11:45:07,697 INFO org.springframework.boot.web.embedded.tomcat.TomcatWebServer [restartedMain] Tomcat started on port(s): 8090 (http) with context path ''
2022-08-25 11:45:07,723 INFO org.springframework.boot.StartupInfoLogger [restartedMain] Started MontreIstaApplication in 13.724 seconds (JVM running for 14.682)
2022-08-25 11:45:10,604 INFO org.springframework.orm.jpa.AbstractEntityManagerFactoryBean [SpringApplicationShutdownHook] Closing JPA EntityManagerFactory for persistence unit 'default'
2022-08-25 11:45:10,610 INFO com.zaxxer.hikari.HikariDataSource [SpringApplicationShutdownHook] HikariPool-1 - Shutdown initiated...
2022-08-25 11:45:10,614 INFO com.zaxxer.hikari.HikariDataSource [SpringApplicationShutdownHook] HikariPool-1 - Shutdown completed.
2022-08-25 11:53:27,756 INFO org.hibernate.validator.internal.util.Version [background-preinit] HV000001: Hibernate Validator 6.2.3.Final
2022-08-25 11:53:27,766 INFO org.springframework.boot.StartupInfoLogger [restartedMain] Starting MontreIstaApplication using Java 17.0.3 on LAPTOP-40MBARLA with PID 18164 (C:\Users\ASUS\Documents\BootcampJava\FinalProject\monstreISTa\target\classes started by ASUS in C:\Users\ASUS\Documents\BootcampJava\FinalProject\monstreISTa)
2022-08-25 11:53:27,768 INFO org.springframework.boot.SpringApplication [restartedMain] No active profile set, falling back to 1 default profile: "default"
2022-08-25 11:53:27,888 INFO org.springframework.boot.logging.DeferredLog [restartedMain] Devtools property defaults active! Set 'spring.devtools.add-properties' to 'false' to disable
2022-08-25 11:53:27,889 INFO org.springframework.boot.logging.DeferredLog [restartedMain] For additional web related logging consider setting the 'logging.level.web' property to 'DEBUG'
2022-08-25 11:53:29,680 INFO org.springframework.data.repository.config.RepositoryConfigurationDelegate [restartedMain] Bootstrapping Spring Data JPA repositories in DEFAULT mode.
2022-08-25 11:53:29,887 INFO org.springframework.data.repository.config.RepositoryConfigurationDelegate [restartedMain] Finished Spring Data repository scanning in 198 ms. Found 16 JPA repository interfaces.
2022-08-25 11:53:31,062 INFO org.springframework.boot.web.embedded.tomcat.TomcatWebServer [restartedMain] Tomcat initialized with port(s): 8090 (http)
2022-08-25 11:53:31,088 INFO org.apache.juli.logging.DirectJDKLog [restartedMain] Initializing ProtocolHandler ["http-nio-8090"]
2022-08-25 11:53:31,089 INFO org.apache.juli.logging.DirectJDKLog [restartedMain] Starting service [Tomcat]
2022-08-25 11:53:31,089 INFO org.apache.juli.logging.DirectJDKLog [restartedMain] Starting Servlet engine: [Apache Tomcat/9.0.65]
2022-08-25 11:53:31,236 INFO org.apache.juli.logging.DirectJDKLog [restartedMain] Initializing Spring embedded WebApplicationContext
2022-08-25 11:53:31,237 INFO org.springframework.boot.web.servlet.context.ServletWebServerApplicationContext [restartedMain] Root WebApplicationContext: initialization completed in 3345 ms
2022-08-25 11:53:31,539 INFO org.hibernate.jpa.internal.util.LogHelper [restartedMain] HHH000204: Processing PersistenceUnitInfo [name: default]
2022-08-25 11:53:31,610 INFO org.hibernate.Version [restartedMain] HHH000412: Hibernate ORM core version 5.6.10.Final
2022-08-25 11:53:31,866 INFO org.hibernate.annotations.common.reflection.java.JavaReflectionManager [restartedMain] HCANN000001: Hibernate Commons Annotations {5.1.2.Final}
2022-08-25 11:53:32,008 INFO com.zaxxer.hikari.HikariDataSource [restartedMain] HikariPool-1 - Starting...
2022-08-25 11:53:32,183 INFO com.zaxxer.hikari.HikariDataSource [restartedMain] HikariPool-1 - Start completed.
2022-08-25 11:53:32,210 INFO org.hibernate.dialect.Dialect [restartedMain] HHH000400: Using dialect: org.hibernate.dialect.PostgresPlusDialect
2022-08-25 11:53:33,872 INFO org.hibernate.engine.transaction.jta.platform.internal.JtaPlatformInitiator [restartedMain] HHH000490: Using JtaPlatform implementation: [org.hibernate.engine.transaction.jta.platform.internal.NoJtaPlatform]
2022-08-25 11:53:33,881 INFO org.springframework.orm.jpa.AbstractEntityManagerFactoryBean [restartedMain] Initialized JPA EntityManagerFactory for persistence unit 'default'
2022-08-25 11:53:36,073 WARN org.springframework.boot.autoconfigure.orm.jpa.JpaBaseConfiguration$JpaWebConfiguration [restartedMain] spring.jpa.open-in-view is enabled by default. Therefore, database queries may be performed during view rendering. Explicitly configure spring.jpa.open-in-view to disable this warning
2022-08-25 11:53:37,210 INFO org.springframework.security.web.DefaultSecurityFilterChain [restartedMain] Will secure any request with [org.springframework.security.web.session.DisableEncodeUrlFilter@d9fc01f, org.springframework.security.web.context.request.async.WebAsyncManagerIntegrationFilter@7ce5348c, org.springframework.security.web.context.SecurityContextPersistenceFilter@19961b97, org.springframework.security.web.header.HeaderWriterFilter@63bac001, org.springframework.web.filter.CorsFilter@2085a84d, org.springframework.security.web.authentication.logout.LogoutFilter@48c7da59, com.codeblue.montreISTA.security.AuthTokenFilter@3ef397f8, org.springframework.security.web.savedrequest.RequestCacheAwareFilter@4f551756, org.springframework.security.web.servletapi.SecurityContextHolderAwareRequestFilter@1136e156, org.springframework.security.web.authentication.AnonymousAuthenticationFilter@4bc8aa2e, org.springframework.security.web.session.SessionManagementFilter@6e94eb7f, org.springframework.security.web.access.ExceptionTranslationFilter@49be608b, org.springframework.security.web.access.intercept.FilterSecurityInterceptor@d94530a]
2022-08-25 11:53:37,813 INFO org.springframework.boot.devtools.autoconfigure.OptionalLiveReloadServer [restartedMain] LiveReload server is running on port 35729
2022-08-25 11:53:37,842 INFO org.apache.juli.logging.DirectJDKLog [restartedMain] Starting ProtocolHandler ["http-nio-8090"]
2022-08-25 11:53:37,880 INFO org.springframework.boot.web.embedded.tomcat.TomcatWebServer [restartedMain] Tomcat started on port(s): 8090 (http) with context path ''
2022-08-25 11:53:37,908 INFO org.springframework.boot.StartupInfoLogger [restartedMain] Started MontreIstaApplication in 11.603 seconds (JVM running for 12.684)
2022-08-25 12:03:06,881 INFO org.apache.juli.logging.DirectJDKLog [http-nio-8090-exec-1] Initializing Spring DispatcherServlet 'dispatcherServlet'
2022-08-25 12:03:06,881 INFO org.springframework.web.servlet.FrameworkServlet [http-nio-8090-exec-1] Initializing Servlet 'dispatcherServlet'
2022-08-25 12:03:06,884 INFO org.springframework.web.servlet.FrameworkServlet [http-nio-8090-exec-1] Completed initialization in 2 ms
2022-08-25 12:03:08,731 INFO org.springdoc.api.AbstractOpenApiResource [http-nio-8090-exec-8] Init duration for springdoc-openapi is: 1269 ms
2022-08-25 12:03:19,325 INFO com.codeblue.montreISTA.service.implement.UserServiceImpl [http-nio-8090-exec-6] ====================Logger Start Login ====================
2022-08-25 12:03:19,326 INFO com.codeblue.montreISTA.service.implement.UserServiceImpl [http-nio-8090-exec-6] com.codeblue.montreISTA.DTO.JwtResponse@8802174
2022-08-25 12:03:19,327 INFO com.codeblue.montreISTA.service.implement.UserServiceImpl [http-nio-8090-exec-6] ====================Logger End Login ====================
2022-08-25 12:03:36,870 ERROR com.codeblue.montreISTA.service.implement.CartServiceImpl [http-nio-8090-exec-9] ==================== Logger Start Error ====================
2022-08-25 12:03:36,871 ERROR com.codeblue.montreISTA.service.implement.CartServiceImpl [http-nio-8090-exec-9] Carts not found
2022-08-25 12:03:36,872 ERROR com.codeblue.montreISTA.service.implement.CartServiceImpl [http-nio-8090-exec-9] ==================== Logger End Error ====================
2022-08-25 12:04:26,062 INFO com.codeblue.montreISTA.service.implement.CartServiceImpl [http-nio-8090-exec-8] ====================Logger Start Create ====================
2022-08-25 12:04:26,064 INFO com.codeblue.montreISTA.service.implement.CartServiceImpl [http-nio-8090-exec-8] com.codeblue.montreISTA.DTO.CartResponseDTO@8ddc158
2022-08-25 12:04:26,064 INFO com.codeblue.montreISTA.service.implement.CartServiceImpl [http-nio-8090-exec-8] ====================Logger End Create ====================
2022-08-25 12:06:56,420 INFO org.springframework.orm.jpa.AbstractEntityManagerFactoryBean [SpringApplicationShutdownHook] Closing JPA EntityManagerFactory for persistence unit 'default'
2022-08-25 12:06:56,427 INFO com.zaxxer.hikari.HikariDataSource [SpringApplicationShutdownHook] HikariPool-1 - Shutdown initiated...
2022-08-25 12:06:56,434 INFO com.zaxxer.hikari.HikariDataSource [SpringApplicationShutdownHook] HikariPool-1 - Shutdown completed.
2022-08-25 12:07:12,988 INFO org.hibernate.validator.internal.util.Version [background-preinit] HV000001: Hibernate Validator 6.2.3.Final
2022-08-25 12:07:13,018 INFO org.springframework.boot.StartupInfoLogger [restartedMain] Starting MontreIstaApplication using Java 17.0.3 on LAPTOP-40MBARLA with PID 19916 (C:\Users\ASUS\Documents\BootcampJava\FinalProject\monstreISTa\target\classes started by ASUS in C:\Users\ASUS\Documents\BootcampJava\FinalProject\monstreISTa)
2022-08-25 12:07:13,020 INFO org.springframework.boot.SpringApplication [restartedMain] No active profile set, falling back to 1 default profile: "default"
2022-08-25 12:07:13,116 INFO org.springframework.boot.logging.DeferredLog [restartedMain] Devtools property defaults active! Set 'spring.devtools.add-properties' to 'false' to disable
2022-08-25 12:07:13,117 INFO org.springframework.boot.logging.DeferredLog [restartedMain] For additional web related logging consider setting the 'logging.level.web' property to 'DEBUG'
2022-08-25 12:07:15,095 INFO org.springframework.data.repository.config.RepositoryConfigurationDelegate [restartedMain] Bootstrapping Spring Data JPA repositories in DEFAULT mode.
2022-08-25 12:07:15,330 INFO org.springframework.data.repository.config.RepositoryConfigurationDelegate [restartedMain] Finished Spring Data repository scanning in 225 ms. Found 16 JPA repository interfaces.
2022-08-25 12:07:16,677 INFO org.springframework.boot.web.embedded.tomcat.TomcatWebServer [restartedMain] Tomcat initialized with port(s): 8090 (http)
2022-08-25 12:07:16,703 INFO org.apache.juli.logging.DirectJDKLog [restartedMain] Initializing ProtocolHandler ["http-nio-8090"]
2022-08-25 12:07:16,705 INFO org.apache.juli.logging.DirectJDKLog [restartedMain] Starting service [Tomcat]
2022-08-25 12:07:16,705 INFO org.apache.juli.logging.DirectJDKLog [restartedMain] Starting Servlet engine: [Apache Tomcat/9.0.65]
2022-08-25 12:07:16,873 INFO org.apache.juli.logging.DirectJDKLog [restartedMain] Initializing Spring embedded WebApplicationContext
2022-08-25 12:07:16,874 INFO org.springframework.boot.web.servlet.context.ServletWebServerApplicationContext [restartedMain] Root WebApplicationContext: initialization completed in 3755 ms
2022-08-25 12:07:17,206 INFO org.hibernate.jpa.internal.util.LogHelper [restartedMain] HHH000204: Processing PersistenceUnitInfo [name: default]
2022-08-25 12:07:17,330 INFO org.hibernate.Version [restartedMain] HHH000412: Hibernate ORM core version 5.6.10.Final
2022-08-25 12:07:17,727 INFO org.hibernate.annotations.common.reflection.java.JavaReflectionManager [restartedMain] HCANN000001: Hibernate Commons Annotations {5.1.2.Final}
2022-08-25 12:07:17,935 INFO com.zaxxer.hikari.HikariDataSource [restartedMain] HikariPool-1 - Starting...
2022-08-25 12:07:18,220 INFO com.zaxxer.hikari.HikariDataSource [restartedMain] HikariPool-1 - Start completed.
2022-08-25 12:07:18,261 INFO org.hibernate.dialect.Dialect [restartedMain] HHH000400: Using dialect: org.hibernate.dialect.PostgresPlusDialect
2022-08-25 12:07:20,138 INFO org.hibernate.engine.transaction.jta.platform.internal.JtaPlatformInitiator [restartedMain] HHH000490: Using JtaPlatform implementation: [org.hibernate.engine.transaction.jta.platform.internal.NoJtaPlatform]
2022-08-25 12:07:20,145 INFO org.springframework.orm.jpa.AbstractEntityManagerFactoryBean [restartedMain] Initialized JPA EntityManagerFactory for persistence unit 'default'
2022-08-25 12:07:22,516 WARN org.springframework.boot.autoconfigure.orm.jpa.JpaBaseConfiguration$JpaWebConfiguration [restartedMain] spring.jpa.open-in-view is enabled by default. Therefore, database queries may be performed during view rendering. Explicitly configure spring.jpa.open-in-view to disable this warning
2022-08-25 12:07:23,864 INFO org.springframework.security.web.DefaultSecurityFilterChain [restartedMain] Will secure any request with [org.springframework.security.web.session.DisableEncodeUrlFilter@1a38328f, org.springframework.security.web.context.request.async.WebAsyncManagerIntegrationFilter@2ed8a07b, org.springframework.security.web.context.SecurityContextPersistenceFilter@594591ec, org.springframework.security.web.header.HeaderWriterFilter@4fbbf1b6, org.springframework.web.filter.CorsFilter@45714049, org.springframework.security.web.authentication.logout.LogoutFilter@6f46c404, com.codeblue.montreISTA.security.AuthTokenFilter@b860414, org.springframework.security.web.savedrequest.RequestCacheAwareFilter@5ff3d4aa, org.springframework.security.web.servletapi.SecurityContextHolderAwareRequestFilter@676d7c4d, org.springframework.security.web.authentication.AnonymousAuthenticationFilter@51d62e7, org.springframework.security.web.session.SessionManagementFilter@5932ccd, org.springframework.security.web.access.ExceptionTranslationFilter@73c200c5, org.springframework.security.web.access.intercept.FilterSecurityInterceptor@5a4ec04f]
2022-08-25 12:07:25,538 INFO org.springframework.boot.devtools.autoconfigure.OptionalLiveReloadServer [restartedMain] LiveReload server is running on port 35729
2022-08-25 12:07:25,564 INFO org.apache.juli.logging.DirectJDKLog [restartedMain] Starting ProtocolHandler ["http-nio-8090"]
2022-08-25 12:07:25,599 INFO org.springframework.boot.web.embedded.tomcat.TomcatWebServer [restartedMain] Tomcat started on port(s): 8090 (http) with context path ''
2022-08-25 12:07:25,625 INFO org.springframework.boot.StartupInfoLogger [restartedMain] Started MontreIstaApplication in 13.537 seconds (JVM running for 14.709)
2022-08-25 12:07:39,173 INFO org.apache.juli.logging.DirectJDKLog [http-nio-8090-exec-2] Initializing Spring DispatcherServlet 'dispatcherServlet'
2022-08-25 12:07:39,175 INFO org.springframework.web.servlet.FrameworkServlet [http-nio-8090-exec-2] Initializing Servlet 'dispatcherServlet'
2022-08-25 12:07:39,181 INFO org.springframework.web.servlet.FrameworkServlet [http-nio-8090-exec-2] Completed initialization in 6 ms
2022-08-25 12:07:39,776 ERROR com.codeblue.montreISTA.service.implement.CartServiceImpl [http-nio-8090-exec-2] ==================== Logger Start Error ====================
2022-08-25 12:07:39,777 ERROR com.codeblue.montreISTA.service.implement.CartServiceImpl [http-nio-8090-exec-2] Quantity can't be 0 or negatif
2022-08-25 12:07:39,777 ERROR com.codeblue.montreISTA.service.implement.CartServiceImpl [http-nio-8090-exec-2] ==================== Logger End Error ====================
2022-08-25 12:07:45,558 INFO com.codeblue.montreISTA.service.implement.CartServiceImpl [http-nio-8090-exec-1] ====================Logger Start Create ====================
2022-08-25 12:07:45,558 INFO com.codeblue.montreISTA.service.implement.CartServiceImpl [http-nio-8090-exec-1] com.codeblue.montreISTA.DTO.CartResponseDTO@3884d6de
2022-08-25 12:07:45,559 INFO com.codeblue.montreISTA.service.implement.CartServiceImpl [http-nio-8090-exec-1] ====================Logger End Create ====================
2022-08-25 12:07:57,748 ERROR com.codeblue.montreISTA.service.implement.OrderServiceImpl [http-nio-8090-exec-4] ==================== Logger Start Error ====================
2022-08-25 12:07:57,749 ERROR com.codeblue.montreISTA.service.implement.OrderServiceImpl [http-nio-8090-exec-4] Please order now first and input necessary info !
2022-08-25 12:07:57,750 ERROR com.codeblue.montreISTA.service.implement.OrderServiceImpl [http-nio-8090-exec-4] ==================== Logger End Error ====================
2022-08-25 12:08:07,572 INFO com.codeblue.montreISTA.service.implement.OrderServiceImpl [http-nio-8090-exec-6] ====================Logger Start Update====================
2022-08-25 12:08:07,597 INFO com.codeblue.montreISTA.service.implement.OrderServiceImpl [http-nio-8090-exec-6] OrderResponseDTO{orderId=1, listCart=[com.codeblue.montreISTA.DTO.CartResponseDTO@700c8cc4, com.codeblue.montreISTA.DTO.CartResponseDTO@42a89bd7], payment_id=5, payment_name='OVO', shipping_id=1, shipping_name='JNE', total_price=2752000, destination_name='bayu aji infosys', destination_address='Jalan pegangsaan 23, RT/RW 01/03, kel.cawang, kec. kramatjati, jakarta timur', destination_phone='080799900', zip_code='23092', createdAt=2022-08-25T12:04:25.955666+07:00[Asia/Bangkok], modifiedAt=2022-08-25T12:08:07.532581+07:00[Asia/Bangkok]}
2022-08-25 12:08:07,600 INFO com.codeblue.montreISTA.service.implement.OrderServiceImpl [http-nio-8090-exec-6] ====================Logger End Update====================
2022-08-25 12:08:15,893 INFO com.codeblue.montreISTA.service.implement.OrderServiceImpl [http-nio-8090-exec-8] ====================Logger Start Get By Buyer ====================
2022-08-25 12:08:15,894 INFO com.codeblue.montreISTA.service.implement.OrderServiceImpl [http-nio-8090-exec-8] OrderResponseDTO{orderId=1, listCart=[com.codeblue.montreISTA.DTO.CartResponseDTO@2536e669, com.codeblue.montreISTA.DTO.CartResponseDTO@64198745], payment_id=5, payment_name='OVO', shipping_id=1, shipping_name='JNE', total_price=2752000, destination_name='bayu aji infosys', destination_address='Jalan pegangsaan 23, RT/RW 01/03, kel.cawang, kec. kramatjati, jakarta timur', destination_phone='080799900', zip_code='23092', createdAt=2022-08-25T12:04:25.955666+07:00[Asia/Bangkok], modifiedAt=2022-08-25T12:08:15.878463900+07:00[Asia/Bangkok]}
2022-08-25 12:08:15,896 INFO com.codeblue.montreISTA.service.implement.OrderServiceImpl [http-nio-8090-exec-8] ====================Logger End Get By Buyer ====================
2022-08-25 12:12:38,797 INFO org.springframework.orm.jpa.AbstractEntityManagerFactoryBean [SpringApplicationShutdownHook] Closing JPA EntityManagerFactory for persistence unit 'default'
2022-08-25 12:12:38,802 INFO com.zaxxer.hikari.HikariDataSource [SpringApplicationShutdownHook] HikariPool-1 - Shutdown initiated...
2022-08-25 12:12:38,806 INFO com.zaxxer.hikari.HikariDataSource [SpringApplicationShutdownHook] HikariPool-1 - Shutdown completed.
2022-08-25 20:50:50,968 INFO org.hibernate.validator.internal.util.Version [background-preinit] HV000001: Hibernate Validator 6.2.3.Final
2022-08-25 20:50:50,985 INFO org.springframework.boot.StartupInfoLogger [restartedMain] Starting MontreIstaApplication using Java 17.0.3 on LAPTOP-40MBARLA with PID 13248 (C:\Users\ASUS\Documents\BootcampJava\FinalProject\monstreISTa\target\classes started by ASUS in C:\Users\ASUS\Documents\BootcampJava\FinalProject\monstreISTa)
2022-08-25 20:50:50,987 INFO org.springframework.boot.SpringApplication [restartedMain] No active profile set, falling back to 1 default profile: "default"
2022-08-25 20:50:51,176 INFO org.springframework.boot.logging.DeferredLog [restartedMain] Devtools property defaults active! Set 'spring.devtools.add-properties' to 'false' to disable
2022-08-25 20:50:51,177 INFO org.springframework.boot.logging.DeferredLog [restartedMain] For additional web related logging consider setting the 'logging.level.web' property to 'DEBUG'
2022-08-25 20:50:53,017 INFO org.springframework.data.repository.config.RepositoryConfigurationDelegate [restartedMain] Bootstrapping Spring Data JPA repositories in DEFAULT mode.
2022-08-25 20:50:53,198 INFO org.springframework.data.repository.config.RepositoryConfigurationDelegate [restartedMain] Finished Spring Data repository scanning in 171 ms. Found 16 JPA repository interfaces.
2022-08-25 20:50:55,305 INFO org.springframework.boot.web.embedded.tomcat.TomcatWebServer [restartedMain] Tomcat initialized with port(s): 8090 (http)
2022-08-25 20:50:55,344 INFO org.apache.juli.logging.DirectJDKLog [restartedMain] Initializing ProtocolHandler ["http-nio-8090"]
2022-08-25 20:50:55,345 INFO org.apache.juli.logging.DirectJDKLog [restartedMain] Starting service [Tomcat]
2022-08-25 20:50:55,346 INFO org.apache.juli.logging.DirectJDKLog [restartedMain] Starting Servlet engine: [Apache Tomcat/9.0.65]
2022-08-25 20:50:55,699 INFO org.apache.juli.logging.DirectJDKLog [restartedMain] Initializing Spring embedded WebApplicationContext
2022-08-25 20:50:55,700 INFO org.springframework.boot.web.servlet.context.ServletWebServerApplicationContext [restartedMain] Root WebApplicationContext: initialization completed in 4518 ms
2022-08-25 20:50:56,125 INFO org.hibernate.jpa.internal.util.LogHelper [restartedMain] HHH000204: Processing PersistenceUnitInfo [name: default]
2022-08-25 20:50:56,477 INFO org.hibernate.Version [restartedMain] HHH000412: Hibernate ORM core version 5.6.10.Final
2022-08-25 20:50:57,021 INFO org.hibernate.annotations.common.reflection.java.JavaReflectionManager [restartedMain] HCANN000001: Hibernate Commons Annotations {5.1.2.Final}
2022-08-25 20:50:57,271 INFO com.zaxxer.hikari.HikariDataSource [restartedMain] HikariPool-1 - Starting...
2022-08-25 20:50:57,621 INFO com.zaxxer.hikari.HikariDataSource [restartedMain] HikariPool-1 - Start completed.
2022-08-25 20:50:57,708 INFO org.hibernate.dialect.Dialect [restartedMain] HHH000400: Using dialect: org.hibernate.dialect.PostgresPlusDialect
2022-08-25 20:50:59,653 INFO org.hibernate.engine.transaction.jta.platform.internal.JtaPlatformInitiator [restartedMain] HHH000490: Using JtaPlatform implementation: [org.hibernate.engine.transaction.jta.platform.internal.NoJtaPlatform]
2022-08-25 20:50:59,662 INFO org.springframework.orm.jpa.AbstractEntityManagerFactoryBean [restartedMain] Initialized JPA EntityManagerFactory for persistence unit 'default'
2022-08-25 20:51:01,450 WARN org.springframework.boot.autoconfigure.orm.jpa.JpaBaseConfiguration$JpaWebConfiguration [restartedMain] spring.jpa.open-in-view is enabled by default. Therefore, database queries may be performed during view rendering. Explicitly configure spring.jpa.open-in-view to disable this warning
2022-08-25 20:51:02,974 INFO org.springframework.security.web.DefaultSecurityFilterChain [restartedMain] Will secure any request with [org.springframework.security.web.session.DisableEncodeUrlFilter@2b349911, org.springframework.security.web.context.request.async.WebAsyncManagerIntegrationFilter@2f4659a8, org.springframework.security.web.context.SecurityContextPersistenceFilter@31d63c64, org.springframework.security.web.header.HeaderWriterFilter@38d50a44, org.springframework.web.filter.CorsFilter@4fbeb1e0, org.springframework.security.web.authentication.logout.LogoutFilter@352bc426, com.codeblue.montreISTA.security.AuthTokenFilter@44f82d2, org.springframework.security.web.savedrequest.RequestCacheAwareFilter@5e80fd1c, org.springframework.security.web.servletapi.SecurityContextHolderAwareRequestFilter@578ddc80, org.springframework.security.web.authentication.AnonymousAuthenticationFilter@1e8187e, org.springframework.security.web.session.SessionManagementFilter@6af77140, org.springframework.security.web.access.ExceptionTranslationFilter@4f551756, org.springframework.security.web.access.intercept.FilterSecurityInterceptor@6db016ac]
2022-08-25 20:51:03,637 INFO org.springframework.boot.devtools.autoconfigure.OptionalLiveReloadServer [restartedMain] LiveReload server is running on port 35729
2022-08-25 20:51:03,654 INFO org.apache.juli.logging.DirectJDKLog [restartedMain] Starting ProtocolHandler ["http-nio-8090"]
2022-08-25 20:51:03,683 INFO org.springframework.boot.web.embedded.tomcat.TomcatWebServer [restartedMain] Tomcat started on port(s): 8090 (http) with context path ''
2022-08-25 20:51:03,703 INFO org.springframework.boot.StartupInfoLogger [restartedMain] Started MontreIstaApplication in 13.62 seconds (JVM running for 15.209)
2022-08-25 20:51:29,809 INFO org.apache.juli.logging.DirectJDKLog [http-nio-8090-exec-1] Initializing Spring DispatcherServlet 'dispatcherServlet'
2022-08-25 20:51:29,809 INFO org.springframework.web.servlet.FrameworkServlet [http-nio-8090-exec-1] Initializing Servlet 'dispatcherServlet'
2022-08-25 20:51:29,811 INFO org.springframework.web.servlet.FrameworkServlet [http-nio-8090-exec-1] Completed initialization in 2 ms
2022-08-25 20:51:31,181 INFO org.springdoc.api.AbstractOpenApiResource [http-nio-8090-exec-9] Init duration for springdoc-openapi is: 992 ms
2022-08-25 20:55:35,372 INFO com.codeblue.montreISTA.service.implement.UserServiceImpl [http-nio-8090-exec-3] ====================Logger Start Login ====================
2022-08-25 20:55:35,374 INFO com.codeblue.montreISTA.service.implement.UserServiceImpl [http-nio-8090-exec-3] com.codeblue.montreISTA.DTO.JwtResponse@60673b9c
2022-08-25 20:55:35,376 INFO com.codeblue.montreISTA.service.implement.UserServiceImpl [http-nio-8090-exec-3] ====================Logger End Login ====================
2022-08-25 21:00:26,336 INFO com.codeblue.montreISTA.service.implement.SellerServiceImpl [http-nio-8090-exec-8] ====================Logger Start Update Photo ====================
2022-08-25 21:00:26,337 INFO com.codeblue.montreISTA.service.implement.SellerServiceImpl [http-nio-8090-exec-8] com.codeblue.montreISTA.DTO.SellerResponseDTO@1c1de81
2022-08-25 21:00:26,337 INFO com.codeblue.montreISTA.service.implement.SellerServiceImpl [http-nio-8090-exec-8] ====================Logger End Update Photo ====================
2022-08-25 21:00:42,082 INFO com.codeblue.montreISTA.service.implement.ProductServiceImpl [http-nio-8090-exec-9] ==================== Logger Start Get All Products     ====================
2022-08-25 21:00:42,083 INFO com.codeblue.montreISTA.service.implement.ProductServiceImpl [http-nio-8090-exec-9] -------------------------
2022-08-25 21:00:42,084 INFO com.codeblue.montreISTA.service.implement.ProductServiceImpl [http-nio-8090-exec-9] Product ID    : 9
2022-08-25 21:00:42,084 INFO com.codeblue.montreISTA.service.implement.ProductServiceImpl [http-nio-8090-exec-9] Description   : Classic Dover, dengan tombol berwarna putih cangkang telur dan detail dalam emas merah muda, jam elegan ini akan dengan mudah menjadi teman penampilan sehari-hari kamu. Menghadirkan tali NATO serba putih, jam ini memiliki desain klasik modern yang dibuat agar cocok untuk segala kesempatan.
2022-08-25 21:00:42,084 INFO com.codeblue.montreISTA.service.implement.ProductServiceImpl [http-nio-8090-exec-9] Price         : 1040000
2022-08-25 21:00:42,084 INFO com.codeblue.montreISTA.service.implement.ProductServiceImpl [http-nio-8090-exec-9] Product name  : CLASSIC DOVER
2022-08-25 21:00:42,091 INFO com.codeblue.montreISTA.service.implement.ProductServiceImpl [http-nio-8090-exec-9] Seller ID     : Seller{sellerId=5, user=com.codeblue.montreISTA.entity.User@155a0efe, storeName='Matchwatch Mega Bekasi Hypermall', storePhoto='https://blog.jamtangan.com/wp-content/uploads/2018/12/A7S0008.jpg', storeAddress='Mega Bekasi Hypermall UG'}
2022-08-25 21:00:42,092 INFO com.codeblue.montreISTA.service.implement.ProductServiceImpl [http-nio-8090-exec-9] -------------------------
2022-08-25 21:00:42,092 INFO com.codeblue.montreISTA.service.implement.ProductServiceImpl [http-nio-8090-exec-9] Product ID    : 4
2022-08-25 21:00:42,092 INFO com.codeblue.montreISTA.service.implement.ProductServiceImpl [http-nio-8090-exec-9] Description   : Petite dengan arloji putih telur dan strap kulit Sheffield klasik warna hitam memperindah busana Anda dalam setiap kesempatan. Ikon desain sejati.
2022-08-25 21:00:42,092 INFO com.codeblue.montreISTA.service.implement.ProductServiceImpl [http-nio-8090-exec-9] Price         : 1234000
2022-08-25 21:00:42,092 INFO com.codeblue.montreISTA.service.implement.ProductServiceImpl [http-nio-8090-exec-9] Product name  : PETITE SHEFFIELD
2022-08-25 21:00:42,093 INFO com.codeblue.montreISTA.service.implement.ProductServiceImpl [http-nio-8090-exec-9] Seller ID     : Seller{sellerId=6, user=com.codeblue.montreISTA.entity.User@14bca548, storeName='Toko Gaya Trendy', storePhoto='https://www.solomediabisnis.com/wp-content/uploads/2021/01/3-2.jpeg', storeAddress='Jl. Raya Dukuh Zamrud Selatan 3'}
2022-08-25 21:00:42,093 INFO com.codeblue.montreISTA.service.implement.ProductServiceImpl [http-nio-8090-exec-9] -------------------------
2022-08-25 21:00:42,093 INFO com.codeblue.montreISTA.service.implement.ProductServiceImpl [http-nio-8090-exec-9] Product ID    : 6
2022-08-25 21:00:42,093 INFO com.codeblue.montreISTA.service.implement.ProductServiceImpl [http-nio-8090-exec-9] Description   : The Petite Pressed Ashfield is our most delicate timepiece to date. Designed to be worn every day, this watch reflects the beauty in the small things. Crafted with polished stainless steel and plated with refined rose gold. Elevate your look with a graceful touch.
2022-08-25 21:00:42,093 INFO com.codeblue.montreISTA.service.implement.ProductServiceImpl [http-nio-8090-exec-9] Price         : 1891000
2022-08-25 21:00:42,093 INFO com.codeblue.montreISTA.service.implement.ProductServiceImpl [http-nio-8090-exec-9] Product name  : PETITE PRESSED ASHFIELD
2022-08-25 21:00:42,094 INFO com.codeblue.montreISTA.service.implement.ProductServiceImpl [http-nio-8090-exec-9] Seller ID     : Seller{sellerId=7, user=com.codeblue.montreISTA.entity.User@5c0cbde5, storeName='Berlian Arloji', storePhoto='https://hinyong.com/wp-content/uploads/2019/05/siapkan-perlengkapan-dan-barang-dagangan-usaha-toko-jam.jpg', storeAddress='Mal Metropolitan, lantai dasar'}
2022-08-25 21:00:42,094 INFO com.codeblue.montreISTA.service.implement.ProductServiceImpl [http-nio-8090-exec-9] -------------------------
2022-08-25 21:00:42,094 INFO com.codeblue.montreISTA.service.implement.ProductServiceImpl [http-nio-8090-exec-9] Product ID    : 5
2022-08-25 21:00:42,094 INFO com.codeblue.montreISTA.service.implement.ProductServiceImpl [http-nio-8090-exec-9] Description   : The Petite Pressed Sterling is our most delicate timepiece to date. Designed to be worn every day, this watch reflects the beauty in the small things. Crafted with polished stainless steel and available with a vibrant silver finish. Elevate your look with a graceful touch.
2022-08-25 21:00:42,094 INFO com.codeblue.montreISTA.service.implement.ProductServiceImpl [http-nio-8090-exec-9] Price         : 2712000
2022-08-25 21:00:42,095 INFO com.codeblue.montreISTA.service.implement.ProductServiceImpl [http-nio-8090-exec-9] Product name  : PETITE PRESSED STERLING
2022-08-25 21:00:42,095 INFO com.codeblue.montreISTA.service.implement.ProductServiceImpl [http-nio-8090-exec-9] Seller ID     : Seller{sellerId=8, user=com.codeblue.montreISTA.entity.User@2062849f, storeName='Terus Jaya', storePhoto='https://alamatbagus.com/wp-content/uploads/2022/03/toko-jam-tangan-surabaya-cahaya-arloji.jpg', storeAddress='Jl. Ir. Hj Juanda. Ps. Baru Bekasi'}
2022-08-25 21:00:42,095 INFO com.codeblue.montreISTA.service.implement.ProductServiceImpl [http-nio-8090-exec-9] -------------------------
2022-08-25 21:00:42,095 INFO com.codeblue.montreISTA.service.implement.ProductServiceImpl [http-nio-8090-exec-9] Product ID    : 3
2022-08-25 21:00:42,096 INFO com.codeblue.montreISTA.service.implement.ProductServiceImpl [http-nio-8090-exec-9] Description   : Petite Melrose mengunggulkan arloji putih telur dan strap mesh rose gold yang tak tertandingi keanggunannya. Jam ini memperindah busana harian, suasana hati, dan semangat Anda.
2022-08-25 21:00:42,096 INFO com.codeblue.montreISTA.service.implement.ProductServiceImpl [http-nio-8090-exec-9] Price         : 2817000
2022-08-25 21:00:42,096 INFO com.codeblue.montreISTA.service.implement.ProductServiceImpl [http-nio-8090-exec-9] Product name  : PETITE MELROSE
2022-08-25 21:00:42,096 INFO com.codeblue.montreISTA.service.implement.ProductServiceImpl [http-nio-8090-exec-9] Seller ID     : Seller{sellerId=3, user=com.codeblue.montreISTA.entity.User@21197e, storeName='Ratih Arloji', storePhoto='https://cdn-image.hipwee.com/wp-content/uploads/2018/11/hipwee-wa2-750x500.jpg', storeAddress='Jl. Dasa Darma Blok II '}
2022-08-25 21:00:42,096 INFO com.codeblue.montreISTA.service.implement.ProductServiceImpl [http-nio-8090-exec-9] -------------------------
2022-08-25 21:00:42,096 INFO com.codeblue.montreISTA.service.implement.ProductServiceImpl [http-nio-8090-exec-9] Product ID    : 2
2022-08-25 21:00:42,096 INFO com.codeblue.montreISTA.service.implement.ProductServiceImpl [http-nio-8090-exec-9] Description   : The Iconic Link Unitone is our first unicolor timepiece that features a seamlessly matching luxurious metal link bracelet and watch dial. Available in polished stainless steel with a vibrant silver finish, refined rose gold or gold plating. This unique addition to the Iconic Link collection makes the Unitone stand out as an undeniably eye-catching timepiece that sets the tone for any occasion.
2022-08-25 21:00:42,096 INFO com.codeblue.montreISTA.service.implement.ProductServiceImpl [http-nio-8090-exec-9] Price         : 2817000
2022-08-25 21:00:42,096 INFO com.codeblue.montreISTA.service.implement.ProductServiceImpl [http-nio-8090-exec-9] Product name  : PETITE MELROSE QUEEN
2022-08-25 21:00:42,097 INFO com.codeblue.montreISTA.service.implement.ProductServiceImpl [http-nio-8090-exec-9] Seller ID     : Seller{sellerId=1, user=com.codeblue.montreISTA.entity.User@7f2ae0a, storeName='-Toko Jam Master Star', storePhoto='http://res.cloudinary.com/zainalabiddin/image/upload/v1661436025/kkpxze2bxtepkqcprrqn.jpg', storeAddress='Jl. Raya Pekayon No.66B'}
2022-08-25 21:00:42,097 INFO com.codeblue.montreISTA.service.implement.ProductServiceImpl [http-nio-8090-exec-9] -------------------------
2022-08-25 21:00:42,097 INFO com.codeblue.montreISTA.service.implement.ProductServiceImpl [http-nio-8090-exec-9] Product ID    : 8
2022-08-25 21:00:42,097 INFO com.codeblue.montreISTA.service.implement.ProductServiceImpl [http-nio-8090-exec-9] Description   : The Petite Rosewater features an eggshell white dial and a charming pink NATO strap. This watch gives your look a subtle, yet eye-catching, pop of color that is ideal for the spring season. The delicate pink strap, coupled with chic rose gold details, makes the Rosewater your go-to accessory for when you need to brighten up an outfit.
2022-08-25 21:00:42,097 INFO com.codeblue.montreISTA.service.implement.ProductServiceImpl [http-nio-8090-exec-9] Price         : 3050000
2022-08-25 21:00:42,097 INFO com.codeblue.montreISTA.service.implement.ProductServiceImpl [http-nio-8090-exec-9] Product name  : PETITE ROSEWATER
2022-08-25 21:00:42,097 INFO com.codeblue.montreISTA.service.implement.ProductServiceImpl [http-nio-8090-exec-9] Seller ID     : Seller{sellerId=1, user=com.codeblue.montreISTA.entity.User@7f2ae0a, storeName='-Toko Jam Master Star', storePhoto='http://res.cloudinary.com/zainalabiddin/image/upload/v1661436025/kkpxze2bxtepkqcprrqn.jpg', storeAddress='Jl. Raya Pekayon No.66B'}
2022-08-25 21:00:42,097 INFO com.codeblue.montreISTA.service.implement.ProductServiceImpl [http-nio-8090-exec-9] -------------------------
2022-08-25 21:00:42,098 INFO com.codeblue.montreISTA.service.implement.ProductServiceImpl [http-nio-8090-exec-9] Product ID    : 12
2022-08-25 21:00:42,098 INFO com.codeblue.montreISTA.service.implement.ProductServiceImpl [http-nio-8090-exec-9] Description   : Classic Cornwall menampilkan esensi dari kesederhanaan dan gaya. Dengan tali NATO hitam dan permukaan putih, jam tangan simpel dan elegan ini dapat dengan mudah menjadi ciri khas penampilan Anda sehari-hari.
2022-08-25 21:00:42,098 INFO com.codeblue.montreISTA.service.implement.ProductServiceImpl [http-nio-8090-exec-9] Price         : 3131000
2022-08-25 21:00:42,098 INFO com.codeblue.montreISTA.service.implement.ProductServiceImpl [http-nio-8090-exec-9] Product name  : CLASSIC CORNWALL
2022-08-25 21:00:42,098 INFO com.codeblue.montreISTA.service.implement.ProductServiceImpl [http-nio-8090-exec-9] Seller ID     : Seller{sellerId=3, user=com.codeblue.montreISTA.entity.User@21197e, storeName='Ratih Arloji', storePhoto='https://cdn-image.hipwee.com/wp-content/uploads/2018/11/hipwee-wa2-750x500.jpg', storeAddress='Jl. Dasa Darma Blok II '}
2022-08-25 21:00:42,098 INFO com.codeblue.montreISTA.service.implement.ProductServiceImpl [http-nio-8090-exec-9] -------------------------
2022-08-25 21:00:42,099 INFO com.codeblue.montreISTA.service.implement.ProductServiceImpl [http-nio-8090-exec-9] Product ID    : 1
2022-08-25 21:00:42,099 INFO com.codeblue.montreISTA.service.implement.ProductServiceImpl [http-nio-8090-exec-9] Description   : A modern take on a classic design, the Iconic Link is the revelation behind years of meticulous craftsmanship. The Iconic Link features a luxurious metal bracelet with three-piece links; each segment is comprised of solid steel, individually crafted pieces in an elegantly tapered form, ensuring a seamless transition from case to clasp.
The distinctive and sculptural lines of the raised midpiece blend effortlessly with the watch case, as our signature twelve index dial takes on a renewed, modern silhouette.
The Iconic Link is available in polished stainless steel (316L) with a vibrant silver finish or with refined rose gold plating.
The link bracelet can be adjusted for a perfect fit at your local watchmaker or Daniel Wellington store.
2022-08-25 21:00:42,099 INFO com.codeblue.montreISTA.service.implement.ProductServiceImpl [http-nio-8090-exec-9] Price         : 3420000
2022-08-25 21:00:42,099 INFO com.codeblue.montreISTA.service.implement.ProductServiceImpl [http-nio-8090-exec-9] Product name  : ICONIC LINK
2022-08-25 21:00:42,099 INFO com.codeblue.montreISTA.service.implement.ProductServiceImpl [http-nio-8090-exec-9] Seller ID     : Seller{sellerId=1, user=com.codeblue.montreISTA.entity.User@7f2ae0a, storeName='-Toko Jam Master Star', storePhoto='http://res.cloudinary.com/zainalabiddin/image/upload/v1661436025/kkpxze2bxtepkqcprrqn.jpg', storeAddress='Jl. Raya Pekayon No.66B'}
2022-08-25 21:00:42,099 INFO com.codeblue.montreISTA.service.implement.ProductServiceImpl [http-nio-8090-exec-9] -------------------------
2022-08-25 21:00:42,100 INFO com.codeblue.montreISTA.service.implement.ProductServiceImpl [http-nio-8090-exec-9] Product ID    : 13
2022-08-25 21:00:42,100 INFO com.codeblue.montreISTA.service.implement.ProductServiceImpl [http-nio-8090-exec-9] Description   : Warna putih berpadu dengan hitam pada perpaduan manis antara gaya minimalisme dan kulit buaya bermotif timbul klasik warna hitam. Padukan atau pasangkan dengan jins dan kaos untuk penampilan santai.
2022-08-25 21:00:42,100 INFO com.codeblue.montreISTA.service.implement.ProductServiceImpl [http-nio-8090-exec-9] Price         : 4242000
2022-08-25 21:00:42,102 INFO com.codeblue.montreISTA.service.implement.ProductServiceImpl [http-nio-8090-exec-9] Product name  : PETITE READING
2022-08-25 21:00:42,103 INFO com.codeblue.montreISTA.service.implement.ProductServiceImpl [http-nio-8090-exec-9] Seller ID     : Seller{sellerId=2, user=com.codeblue.montreISTA.entity.User@5b66f09, storeName='Toko Jam Ahdmad Naufal', storePhoto='https://tangselmedia.com/wp-content/uploads/2020/01/6-Daftar-Toko-Jam-Terbaik-di-Tangerang-Selatan-aslie.png', storeAddress='Komplek PU Sapta Taruna 3'}
2022-08-25 21:00:42,104 INFO com.codeblue.montreISTA.service.implement.ProductServiceImpl [http-nio-8090-exec-9] ==================== Logger End Get All Products    ====================
2022-08-25 21:00:42,104 INFO com.codeblue.montreISTA.service.implement.ProductServiceImpl [http-nio-8090-exec-9]  
2022-08-25 21:00:48,546 INFO com.codeblue.montreISTA.service.implement.ProductServiceImpl [http-nio-8090-exec-5] ==================== Logger Start Get All Products     ====================
2022-08-25 21:00:48,548 INFO com.codeblue.montreISTA.service.implement.ProductServiceImpl [http-nio-8090-exec-5] -------------------------
2022-08-25 21:00:48,548 INFO com.codeblue.montreISTA.service.implement.ProductServiceImpl [http-nio-8090-exec-5] Product ID    : 16
2022-08-25 21:00:48,548 INFO com.codeblue.montreISTA.service.implement.ProductServiceImpl [http-nio-8090-exec-5] Description   : jam tangan premium buatan swiss dilapisi emas dan berlian
2022-08-25 21:00:48,549 INFO com.codeblue.montreISTA.service.implement.ProductServiceImpl [http-nio-8090-exec-5] Price         : 200000000
2022-08-25 21:00:48,549 INFO com.codeblue.montreISTA.service.implement.ProductServiceImpl [http-nio-8090-exec-5] Product name  : jam rolex #40 series
2022-08-25 21:00:48,549 INFO com.codeblue.montreISTA.service.implement.ProductServiceImpl [http-nio-8090-exec-5] Seller ID     : Seller{sellerId=16, user=com.codeblue.montreISTA.entity.User@5d36163d, storeName='1st Store', storePhoto='https://www.shutterstock.com/image-vector/shop-icon-store-230619400', storeAddress='Jalan Mawar No 36, Yogyakarta'}
2022-08-25 21:00:48,549 INFO com.codeblue.montreISTA.service.implement.ProductServiceImpl [http-nio-8090-exec-5] -------------------------
2022-08-25 21:00:48,549 INFO com.codeblue.montreISTA.service.implement.ProductServiceImpl [http-nio-8090-exec-5] Product ID    : 10
2022-08-25 21:00:48,549 INFO com.codeblue.montreISTA.service.implement.ProductServiceImpl [http-nio-8090-exec-5] Description   : Masuki musim mode abadi yang baru dengan Petite Ashfield. Jam tangan ultra tipis ini melingkar dengan manis di pergelangan tangan Anda dan dipercantik dengan strap jala warna hitam matte dan arloji hitam yang mewah. Tersedia dengan rincian warna rose gold atau silver.
2022-08-25 21:00:48,550 INFO com.codeblue.montreISTA.service.implement.ProductServiceImpl [http-nio-8090-exec-5] Price         : 9000000
2022-08-25 21:00:48,550 INFO com.codeblue.montreISTA.service.implement.ProductServiceImpl [http-nio-8090-exec-5] Product name  : PETITE ASHFIELD
2022-08-25 21:00:48,551 INFO com.codeblue.montreISTA.service.implement.ProductServiceImpl [http-nio-8090-exec-5] Seller ID     : Seller{sellerId=14, user=com.codeblue.montreISTA.entity.User@78349c91, storeName='Sunaku Watch', storePhoto='https://rimage.gnst.jp/livejapan.com/public/img/spot/lj/00/06/lj0006967/lj0006967_5eaa9c9ad823d_main.jpg?20210621040011&q=80', storeAddress='Jl. Letnan Arsyad Raya No.5'}
2022-08-25 21:00:48,552 INFO com.codeblue.montreISTA.service.implement.ProductServiceImpl [http-nio-8090-exec-5] -------------------------
2022-08-25 21:00:48,553 INFO com.codeblue.montreISTA.service.implement.ProductServiceImpl [http-nio-8090-exec-5] Product ID    : 14
2022-08-25 21:00:48,553 INFO com.codeblue.montreISTA.service.implement.ProductServiceImpl [http-nio-8090-exec-5] Description   : SERASI DENGAN SETIAP GAYA ANDA. SETIAP HARI.
Petite Cornwall menangkap esensi kesederhanaan dan gaya sejati. Mengunggulkan strap NATO serba hitam dan arloji hitam, jam ramping dan elegan ini dengan mudah menjadi sahabat dalam gaya sehari-hari Anda.
2022-08-25 21:00:48,553 INFO com.codeblue.montreISTA.service.implement.ProductServiceImpl [http-nio-8090-exec-5] Price         : 7755000
2022-08-25 21:00:48,555 INFO com.codeblue.montreISTA.service.implement.ProductServiceImpl [http-nio-8090-exec-5] Product name  : PETITE CORNWALL
2022-08-25 21:00:48,556 INFO com.codeblue.montreISTA.service.implement.ProductServiceImpl [http-nio-8090-exec-5] Seller ID     : Seller{sellerId=3, user=com.codeblue.montreISTA.entity.User@71761311, storeName='Ratih Arloji', storePhoto='https://cdn-image.hipwee.com/wp-content/uploads/2018/11/hipwee-wa2-750x500.jpg', storeAddress='Jl. Dasa Darma Blok II '}
2022-08-25 21:00:48,558 INFO com.codeblue.montreISTA.service.implement.ProductServiceImpl [http-nio-8090-exec-5] -------------------------
2022-08-25 21:00:48,558 INFO com.codeblue.montreISTA.service.implement.ProductServiceImpl [http-nio-8090-exec-5] Product ID    : 15
2022-08-25 21:00:48,559 INFO com.codeblue.montreISTA.service.implement.ProductServiceImpl [http-nio-8090-exec-5] Description   : DESAIN KLASIK BERPADU DENGAN MINIMALISME MODERN
Petite Bondi, dengan strap kulit warna putih dan arloji putih telur, menampilkan kesederhanaan dan keanggunan. Jam ultra-tipis ini duduk dengan manis di tangan Anda dan menyoroti semangat Anda yang membara dalam gaya. Tersedia dengan warna rose gold atau silver.
2022-08-25 21:00:48,559 INFO com.codeblue.montreISTA.service.implement.ProductServiceImpl [http-nio-8090-exec-5] Price         : 6699000
2022-08-25 21:00:48,559 INFO com.codeblue.montreISTA.service.implement.ProductServiceImpl [http-nio-8090-exec-5] Product name  : PETITE BONDI
2022-08-25 21:00:48,559 INFO com.codeblue.montreISTA.service.implement.ProductServiceImpl [http-nio-8090-exec-5] Seller ID     : Seller{sellerId=11, user=com.codeblue.montreISTA.entity.User@559c0a4e, storeName='Toko Arloji Mitra Jaya', storePhoto='https://feldmarwatch.com/wp-content/themes/NewFeldmarWatch/images/watch-store-2x.jpg', storeAddress='Jl. Ir. H. Juanda'}
2022-08-25 21:00:48,560 INFO com.codeblue.montreISTA.service.implement.ProductServiceImpl [http-nio-8090-exec-5] -------------------------
2022-08-25 21:00:48,561 INFO com.codeblue.montreISTA.service.implement.ProductServiceImpl [http-nio-8090-exec-5] Product ID    : 7
2022-08-25 21:00:48,563 INFO com.codeblue.montreISTA.service.implement.ProductServiceImpl [http-nio-8090-exec-5] Description   : The Petite Evergold 28 is our latest addition to the Petite Collection. Featuring an eggshell white dial and our classic mesh strap in a light shade of gold. Elevate your look with a delicate pop of gold that seamlessly matches any outfit.
2022-08-25 21:00:48,566 INFO com.codeblue.montreISTA.service.implement.ProductServiceImpl [http-nio-8090-exec-5] Price         : 5117000
2022-08-25 21:00:48,567 INFO com.codeblue.montreISTA.service.implement.ProductServiceImpl [http-nio-8090-exec-5] Product name  : PETITE EVERGOLD
2022-08-25 21:00:48,568 INFO com.codeblue.montreISTA.service.implement.ProductServiceImpl [http-nio-8090-exec-5] Seller ID     : Seller{sellerId=6, user=com.codeblue.montreISTA.entity.User@d458aed, storeName='Toko Gaya Trendy', storePhoto='https://www.solomediabisnis.com/wp-content/uploads/2021/01/3-2.jpeg', storeAddress='Jl. Raya Dukuh Zamrud Selatan 3'}
2022-08-25 21:00:48,568 INFO com.codeblue.montreISTA.service.implement.ProductServiceImpl [http-nio-8090-exec-5] -------------------------
2022-08-25 21:00:48,568 INFO com.codeblue.montreISTA.service.implement.ProductServiceImpl [http-nio-8090-exec-5] Product ID    : 11
2022-08-25 21:00:48,569 INFO com.codeblue.montreISTA.service.implement.ProductServiceImpl [http-nio-8090-exec-5] Description   : With classic features such as the slim case, details in rose gold or silver, and our heritage NATO strap in midnight blue, Classic Bayswater is an effortless day-to-evening timepiece.
2022-08-25 21:00:48,569 INFO com.codeblue.montreISTA.service.implement.ProductServiceImpl [http-nio-8090-exec-5] Price         : 4521000
2022-08-25 21:00:48,570 INFO com.codeblue.montreISTA.service.implement.ProductServiceImpl [http-nio-8090-exec-5] Product name  : CLASSIC BAYSWATER
2022-08-25 21:00:48,571 INFO com.codeblue.montreISTA.service.implement.ProductServiceImpl [http-nio-8090-exec-5] Seller ID     : Seller{sellerId=9, user=com.codeblue.montreISTA.entity.User@77316bf4, storeName='Toko Jam Rizky Jaya', storePhoto='https://images.homify.com/c_fill,f_auto,q_0,w_740/v1516689893/p/photo/image/2402137/IMG_20171126_083613_858.jpg', storeAddress='Jl. Ir. H. Juanda No.51'}
2022-08-25 21:00:48,573 INFO com.codeblue.montreISTA.service.implement.ProductServiceImpl [http-nio-8090-exec-5] -------------------------
2022-08-25 21:00:48,574 INFO com.codeblue.montreISTA.service.implement.ProductServiceImpl [http-nio-8090-exec-5] Product ID    : 13
2022-08-25 21:00:48,575 INFO com.codeblue.montreISTA.service.implement.ProductServiceImpl [http-nio-8090-exec-5] Description   : Warna putih berpadu dengan hitam pada perpaduan manis antara gaya minimalisme dan kulit buaya bermotif timbul klasik warna hitam. Padukan atau pasangkan dengan jins dan kaos untuk penampilan santai.
2022-08-25 21:00:48,577 INFO com.codeblue.montreISTA.service.implement.ProductServiceImpl [http-nio-8090-exec-5] Price         : 4242000
2022-08-25 21:00:48,580 INFO com.codeblue.montreISTA.service.implement.ProductServiceImpl [http-nio-8090-exec-5] Product name  : PETITE READING
2022-08-25 21:00:48,580 INFO com.codeblue.montreISTA.service.implement.ProductServiceImpl [http-nio-8090-exec-5] Seller ID     : Seller{sellerId=2, user=com.codeblue.montreISTA.entity.User@547b89e8, storeName='Toko Jam Ahdmad Naufal', storePhoto='https://tangselmedia.com/wp-content/uploads/2020/01/6-Daftar-Toko-Jam-Terbaik-di-Tangerang-Selatan-aslie.png', storeAddress='Komplek PU Sapta Taruna 3'}
2022-08-25 21:00:48,582 INFO com.codeblue.montreISTA.service.implement.ProductServiceImpl [http-nio-8090-exec-5] -------------------------
2022-08-25 21:00:48,582 INFO com.codeblue.montreISTA.service.implement.ProductServiceImpl [http-nio-8090-exec-5] Product ID    : 1
2022-08-25 21:00:48,582 INFO com.codeblue.montreISTA.service.implement.ProductServiceImpl [http-nio-8090-exec-5] Description   : A modern take on a classic design, the Iconic Link is the revelation behind years of meticulous craftsmanship. The Iconic Link features a luxurious metal bracelet with three-piece links; each segment is comprised of solid steel, individually crafted pieces in an elegantly tapered form, ensuring a seamless transition from case to clasp.
The distinctive and sculptural lines of the raised midpiece blend effortlessly with the watch case, as our signature twelve index dial takes on a renewed, modern silhouette.
The Iconic Link is available in polished stainless steel (316L) with a vibrant silver finish or with refined rose gold plating.
The link bracelet can be adjusted for a perfect fit at your local watchmaker or Daniel Wellington store.
2022-08-25 21:00:48,582 INFO com.codeblue.montreISTA.service.implement.ProductServiceImpl [http-nio-8090-exec-5] Price         : 3420000
2022-08-25 21:00:48,583 INFO com.codeblue.montreISTA.service.implement.ProductServiceImpl [http-nio-8090-exec-5] Product name  : ICONIC LINK
2022-08-25 21:00:48,584 INFO com.codeblue.montreISTA.service.implement.ProductServiceImpl [http-nio-8090-exec-5] Seller ID     : Seller{sellerId=1, user=com.codeblue.montreISTA.entity.User@7f377dee, storeName='-Toko Jam Master Star', storePhoto='http://res.cloudinary.com/zainalabiddin/image/upload/v1661436025/kkpxze2bxtepkqcprrqn.jpg', storeAddress='Jl. Raya Pekayon No.66B'}
2022-08-25 21:00:48,584 INFO com.codeblue.montreISTA.service.implement.ProductServiceImpl [http-nio-8090-exec-5] -------------------------
2022-08-25 21:00:48,584 INFO com.codeblue.montreISTA.service.implement.ProductServiceImpl [http-nio-8090-exec-5] Product ID    : 12
2022-08-25 21:00:48,585 INFO com.codeblue.montreISTA.service.implement.ProductServiceImpl [http-nio-8090-exec-5] Description   : Classic Cornwall menampilkan esensi dari kesederhanaan dan gaya. Dengan tali NATO hitam dan permukaan putih, jam tangan simpel dan elegan ini dapat dengan mudah menjadi ciri khas penampilan Anda sehari-hari.
2022-08-25 21:00:48,585 INFO com.codeblue.montreISTA.service.implement.ProductServiceImpl [http-nio-8090-exec-5] Price         : 3131000
2022-08-25 21:00:48,585 INFO com.codeblue.montreISTA.service.implement.ProductServiceImpl [http-nio-8090-exec-5] Product name  : CLASSIC CORNWALL
2022-08-25 21:00:48,585 INFO com.codeblue.montreISTA.service.implement.ProductServiceImpl [http-nio-8090-exec-5] Seller ID     : Seller{sellerId=3, user=com.codeblue.montreISTA.entity.User@71761311, storeName='Ratih Arloji', storePhoto='https://cdn-image.hipwee.com/wp-content/uploads/2018/11/hipwee-wa2-750x500.jpg', storeAddress='Jl. Dasa Darma Blok II '}
2022-08-25 21:00:48,586 INFO com.codeblue.montreISTA.service.implement.ProductServiceImpl [http-nio-8090-exec-5] -------------------------
2022-08-25 21:00:48,586 INFO com.codeblue.montreISTA.service.implement.ProductServiceImpl [http-nio-8090-exec-5] Product ID    : 8
2022-08-25 21:00:48,586 INFO com.codeblue.montreISTA.service.implement.ProductServiceImpl [http-nio-8090-exec-5] Description   : The Petite Rosewater features an eggshell white dial and a charming pink NATO strap. This watch gives your look a subtle, yet eye-catching, pop of color that is ideal for the spring season. The delicate pink strap, coupled with chic rose gold details, makes the Rosewater your go-to accessory for when you need to brighten up an outfit.
2022-08-25 21:00:48,586 INFO com.codeblue.montreISTA.service.implement.ProductServiceImpl [http-nio-8090-exec-5] Price         : 3050000
2022-08-25 21:00:48,587 INFO com.codeblue.montreISTA.service.implement.ProductServiceImpl [http-nio-8090-exec-5] Product name  : PETITE ROSEWATER
2022-08-25 21:00:48,587 INFO com.codeblue.montreISTA.service.implement.ProductServiceImpl [http-nio-8090-exec-5] Seller ID     : Seller{sellerId=1, user=com.codeblue.montreISTA.entity.User@7f377dee, storeName='-Toko Jam Master Star', storePhoto='http://res.cloudinary.com/zainalabiddin/image/upload/v1661436025/kkpxze2bxtepkqcprrqn.jpg', storeAddress='Jl. Raya Pekayon No.66B'}
2022-08-25 21:00:48,587 INFO com.codeblue.montreISTA.service.implement.ProductServiceImpl [http-nio-8090-exec-5] ==================== Logger End Get All Products    ====================
2022-08-25 21:00:48,587 INFO com.codeblue.montreISTA.service.implement.ProductServiceImpl [http-nio-8090-exec-5]  
2022-08-25 21:01:36,843 INFO com.codeblue.montreISTA.service.implement.CartServiceImpl [http-nio-8090-exec-10] ====================Logger Start Create ====================
2022-08-25 21:01:36,843 INFO com.codeblue.montreISTA.service.implement.CartServiceImpl [http-nio-8090-exec-10] com.codeblue.montreISTA.DTO.CartResponseDTO@12e33f8a
2022-08-25 21:01:36,843 INFO com.codeblue.montreISTA.service.implement.CartServiceImpl [http-nio-8090-exec-10] ====================Logger End Create ====================
2022-08-25 21:01:47,481 ERROR com.codeblue.montreISTA.service.implement.OrderServiceImpl [http-nio-8090-exec-4] ==================== Logger Start Error ====================
2022-08-25 21:01:47,482 ERROR com.codeblue.montreISTA.service.implement.OrderServiceImpl [http-nio-8090-exec-4] Payment Not found
2022-08-25 21:01:47,483 ERROR com.codeblue.montreISTA.service.implement.OrderServiceImpl [http-nio-8090-exec-4] ==================== Logger End Error ====================
2022-08-25 21:01:56,200 INFO com.codeblue.montreISTA.service.implement.OrderServiceImpl [http-nio-8090-exec-3] ====================Logger Start Update====================
2022-08-25 21:01:56,220 INFO com.codeblue.montreISTA.service.implement.OrderServiceImpl [http-nio-8090-exec-3] OrderResponseDTO{orderId=1, listCart=[com.codeblue.montreISTA.DTO.CartResponseDTO@1d26be6f, com.codeblue.montreISTA.DTO.CartResponseDTO@62bae5ad, com.codeblue.montreISTA.DTO.CartResponseDTO@53f9a77f], payment_id=5, payment_name='OVO', shipping_id=1, shipping_name='JNE', total_price=5589000, destination_name='string', destination_address='string', destination_phone='string', zip_code='string', createdAt=2022-08-25T12:04:25.955666+07:00[Asia/Bangkok], modifiedAt=2022-08-25T21:01:56.181938800+07:00[Asia/Bangkok]}
2022-08-25 21:01:56,220 INFO com.codeblue.montreISTA.service.implement.OrderServiceImpl [http-nio-8090-exec-3] ====================Logger End Update====================
2022-08-25 21:02:06,914 INFO com.codeblue.montreISTA.service.implement.TransactionServiceImpl [http-nio-8090-exec-8] ====================Logger Start Get Checkout Order====================
2022-08-25 21:02:06,915 INFO com.codeblue.montreISTA.service.implement.TransactionServiceImpl [http-nio-8090-exec-8] [com.codeblue.montreISTA.DTO.TransactionDetailResponseDTO@7a68a45d, com.codeblue.montreISTA.DTO.TransactionDetailResponseDTO@120f90c2, com.codeblue.montreISTA.DTO.TransactionDetailResponseDTO@2614b0d]
2022-08-25 21:02:06,916 INFO com.codeblue.montreISTA.service.implement.TransactionServiceImpl [http-nio-8090-exec-8] ====================Logger End Get Checkout Order ====================
2022-08-25 21:02:23,139 ERROR com.codeblue.montreISTA.service.implement.OrderServiceImpl [http-nio-8090-exec-7] ==================== Logger Start Error ====================
2022-08-25 21:02:23,140 ERROR com.codeblue.montreISTA.service.implement.OrderServiceImpl [http-nio-8090-exec-7] Order not found
2022-08-25 21:02:23,140 ERROR com.codeblue.montreISTA.service.implement.OrderServiceImpl [http-nio-8090-exec-7] ==================== Logger End Error ====================
2022-08-25 21:02:27,404 INFO com.codeblue.montreISTA.service.implement.CartServiceImpl [http-nio-8090-exec-9] ====================Logger Start Create ====================
2022-08-25 21:02:27,404 INFO com.codeblue.montreISTA.service.implement.CartServiceImpl [http-nio-8090-exec-9] com.codeblue.montreISTA.DTO.CartResponseDTO@70c5030
2022-08-25 21:02:27,405 INFO com.codeblue.montreISTA.service.implement.CartServiceImpl [http-nio-8090-exec-9] ====================Logger End Create ====================
2022-08-25 21:02:31,929 INFO com.codeblue.montreISTA.service.implement.OrderServiceImpl [http-nio-8090-exec-5] ====================Logger Start Get By Buyer ====================
2022-08-25 21:02:31,932 INFO com.codeblue.montreISTA.service.implement.OrderServiceImpl [http-nio-8090-exec-5] OrderResponseCartDTO{orderId=2, total_price=2837000, cart=[com.codeblue.montreISTA.DTO.OrderCartDTO@1b2161a6], is_payment=Unpaid}
2022-08-25 21:02:31,932 INFO com.codeblue.montreISTA.service.implement.OrderServiceImpl [http-nio-8090-exec-5] ====================Logger End Get By Buyer ====================
2022-08-25 21:02:37,945 INFO com.codeblue.montreISTA.service.implement.OrderServiceImpl [http-nio-8090-exec-10] ====================Logger Start Update====================
2022-08-25 21:02:37,946 INFO com.codeblue.montreISTA.service.implement.OrderServiceImpl [http-nio-8090-exec-10] OrderResponseDTO{orderId=2, listCart=[com.codeblue.montreISTA.DTO.CartResponseDTO@429af745], payment_id=5, payment_name='OVO', shipping_id=1, shipping_name='JNE', total_price=2837000, destination_name='string', destination_address='string', destination_phone='string', zip_code='string', createdAt=2022-08-25T21:02:27.391819+07:00[Asia/Bangkok], modifiedAt=2022-08-25T21:02:37.932425900+07:00[Asia/Bangkok]}
2022-08-25 21:02:37,946 INFO com.codeblue.montreISTA.service.implement.OrderServiceImpl [http-nio-8090-exec-10] ====================Logger End Update====================
2022-08-25 21:02:44,101 ERROR com.codeblue.montreISTA.service.implement.TransactionServiceImpl [http-nio-8090-exec-2] ==================== Logger Start Error ====================
2022-08-25 21:02:44,101 ERROR com.codeblue.montreISTA.service.implement.TransactionServiceImpl [http-nio-8090-exec-2] Please pay first !
2022-08-25 21:02:44,101 ERROR com.codeblue.montreISTA.service.implement.TransactionServiceImpl [http-nio-8090-exec-2] ==================== Logger End Error ====================
2022-08-25 21:02:59,047 INFO com.codeblue.montreISTA.service.implement.OrderServiceImpl [http-nio-8090-exec-4] ====================Logger Start Get By Buyer ====================
2022-08-25 21:02:59,048 INFO com.codeblue.montreISTA.service.implement.OrderServiceImpl [http-nio-8090-exec-4] OrderResponseDTO{orderId=2, listCart=[com.codeblue.montreISTA.DTO.CartResponseDTO@48736e7e], payment_id=5, payment_name='OVO', shipping_id=1, shipping_name='JNE', total_price=2837000, destination_name='string', destination_address='string', destination_phone='string', zip_code='string', createdAt=2022-08-25T21:02:27.391819+07:00[Asia/Bangkok], modifiedAt=2022-08-25T21:02:59.037116400+07:00[Asia/Bangkok]}
2022-08-25 21:02:59,048 INFO com.codeblue.montreISTA.service.implement.OrderServiceImpl [http-nio-8090-exec-4] ====================Logger End Get By Buyer ====================
2022-08-25 21:03:16,872 INFO com.codeblue.montreISTA.service.implement.TransactionServiceImpl [http-nio-8090-exec-6] ====================Logger Start Get Transactions Buyer====================
2022-08-25 21:03:16,873 INFO com.codeblue.montreISTA.service.implement.TransactionServiceImpl [http-nio-8090-exec-6] [com.codeblue.montreISTA.DTO.TransactionResponseDTO@601ecdb7, com.codeblue.montreISTA.DTO.TransactionResponseDTO@45ffeafc, com.codeblue.montreISTA.DTO.TransactionResponseDTO@6e821a8e]
2022-08-25 21:03:16,873 INFO com.codeblue.montreISTA.service.implement.TransactionServiceImpl [http-nio-8090-exec-6] ====================Logger End Get Transactions Buyer====================
2022-08-25 21:03:26,022 INFO com.codeblue.montreISTA.service.implement.TransactionServiceImpl [http-nio-8090-exec-8] ====================Logger Start Get Transactions Detail Buyer====================
2022-08-25 21:03:26,022 INFO com.codeblue.montreISTA.service.implement.TransactionServiceImpl [http-nio-8090-exec-8] [com.codeblue.montreISTA.DTO.TransactionDetailResponseDTO@15eb231b, com.codeblue.montreISTA.DTO.TransactionDetailResponseDTO@4af5584d, com.codeblue.montreISTA.DTO.TransactionDetailResponseDTO@19202d2a]
2022-08-25 21:03:26,022 INFO com.codeblue.montreISTA.service.implement.TransactionServiceImpl [http-nio-8090-exec-8] ====================Logger End Get Transactions Detail Buyer====================
2022-08-25 21:06:02,002 INFO com.codeblue.montreISTA.service.implement.OrderServiceImpl [http-nio-8090-exec-9] ====================Logger Start Get By Buyer ====================
2022-08-25 21:06:02,002 INFO com.codeblue.montreISTA.service.implement.OrderServiceImpl [http-nio-8090-exec-9] OrderResponseCartDTO{orderId=2, total_price=2837000, cart=[com.codeblue.montreISTA.DTO.OrderCartDTO@5cbe80a8], is_payment=Paid}
2022-08-25 21:06:02,003 INFO com.codeblue.montreISTA.service.implement.OrderServiceImpl [http-nio-8090-exec-9] ====================Logger End Get By Buyer ====================
2022-08-25 21:06:07,088 INFO com.codeblue.montreISTA.service.implement.OrderServiceImpl [http-nio-8090-exec-5] ====================Logger Start Delete By Id ====================
2022-08-25 21:06:07,088 INFO com.codeblue.montreISTA.service.implement.OrderServiceImpl [http-nio-8090-exec-5] Delete Success
2022-08-25 21:06:07,089 INFO com.codeblue.montreISTA.service.implement.OrderServiceImpl [http-nio-8090-exec-5] ====================Logger End Delete By Id ====================
2022-08-25 21:06:10,399 ERROR com.codeblue.montreISTA.service.implement.OrderServiceImpl [http-nio-8090-exec-1] ==================== Logger Start Error ====================
2022-08-25 21:06:10,400 ERROR com.codeblue.montreISTA.service.implement.OrderServiceImpl [http-nio-8090-exec-1] Order not found
2022-08-25 21:06:10,400 ERROR com.codeblue.montreISTA.service.implement.OrderServiceImpl [http-nio-8090-exec-1] ==================== Logger End Error ====================
2022-08-25 21:07:20,014 ERROR com.codeblue.montreISTA.service.implement.OrderServiceImpl [http-nio-8090-exec-2] ==================== Logger Start Error ====================
2022-08-25 21:07:20,015 ERROR com.codeblue.montreISTA.service.implement.OrderServiceImpl [http-nio-8090-exec-2] Order not found
2022-08-25 21:07:20,015 ERROR com.codeblue.montreISTA.service.implement.OrderServiceImpl [http-nio-8090-exec-2] ==================== Logger End Error ====================
2022-08-25 21:07:27,610 INFO com.codeblue.montreISTA.service.implement.CartServiceImpl [http-nio-8090-exec-4] ====================Logger Start Create ====================
2022-08-25 21:07:27,611 INFO com.codeblue.montreISTA.service.implement.CartServiceImpl [http-nio-8090-exec-4] com.codeblue.montreISTA.DTO.CartResponseDTO@76ea8e76
2022-08-25 21:07:27,611 INFO com.codeblue.montreISTA.service.implement.CartServiceImpl [http-nio-8090-exec-4] ====================Logger End Create ====================
2022-08-25 21:07:30,604 INFO com.codeblue.montreISTA.service.implement.OrderServiceImpl [http-nio-8090-exec-3] ====================Logger Start Update====================
2022-08-25 21:07:30,606 INFO com.codeblue.montreISTA.service.implement.OrderServiceImpl [http-nio-8090-exec-3] OrderResponseDTO{orderId=3, listCart=[com.codeblue.montreISTA.DTO.CartResponseDTO@27ed94a6], payment_id=5, payment_name='OVO', shipping_id=1, shipping_name='JNE', total_price=2837000, destination_name='string', destination_address='string', destination_phone='string', zip_code='string', createdAt=2022-08-25T21:07:27.596822+07:00[Asia/Bangkok], modifiedAt=2022-08-25T21:07:30.598953500+07:00[Asia/Bangkok]}
2022-08-25 21:07:30,608 INFO com.codeblue.montreISTA.service.implement.OrderServiceImpl [http-nio-8090-exec-3] ====================Logger End Update====================
2022-08-25 21:07:37,404 ERROR com.codeblue.montreISTA.service.implement.TransactionServiceImpl [http-nio-8090-exec-6] ==================== Logger Start Error ====================
2022-08-25 21:07:37,405 ERROR com.codeblue.montreISTA.service.implement.TransactionServiceImpl [http-nio-8090-exec-6] Please pay first !
2022-08-25 21:07:37,405 ERROR com.codeblue.montreISTA.service.implement.TransactionServiceImpl [http-nio-8090-exec-6] ==================== Logger End Error ====================
2022-08-25 21:07:43,952 INFO com.codeblue.montreISTA.service.implement.OrderServiceImpl [http-nio-8090-exec-8] ====================Logger Start Get By Buyer ====================
2022-08-25 21:07:43,953 INFO com.codeblue.montreISTA.service.implement.OrderServiceImpl [http-nio-8090-exec-8] OrderResponseDTO{orderId=3, listCart=[com.codeblue.montreISTA.DTO.CartResponseDTO@547e8c89], payment_id=5, payment_name='OVO', shipping_id=1, shipping_name='JNE', total_price=2837000, destination_name='string', destination_address='string', destination_phone='string', zip_code='string', createdAt=2022-08-25T21:07:27.596822+07:00[Asia/Bangkok], modifiedAt=2022-08-25T21:07:43.939787500+07:00[Asia/Bangkok]}
2022-08-25 21:07:43,954 INFO com.codeblue.montreISTA.service.implement.OrderServiceImpl [http-nio-8090-exec-8] ====================Logger End Get By Buyer ====================
2022-08-25 21:07:48,498 INFO com.codeblue.montreISTA.service.implement.TransactionServiceImpl [http-nio-8090-exec-7] ====================Logger Start Get Checkout Order====================
2022-08-25 21:07:48,498 INFO com.codeblue.montreISTA.service.implement.TransactionServiceImpl [http-nio-8090-exec-7] [com.codeblue.montreISTA.DTO.TransactionDetailResponseDTO@3fb0e1b0]
2022-08-25 21:07:48,498 INFO com.codeblue.montreISTA.service.implement.TransactionServiceImpl [http-nio-8090-exec-7] ====================Logger End Get Checkout Order ====================
2022-08-25 21:07:52,044 ERROR com.codeblue.montreISTA.service.implement.OrderServiceImpl [http-nio-8090-exec-9] ==================== Logger Start Error ====================
2022-08-25 21:07:52,045 ERROR com.codeblue.montreISTA.service.implement.OrderServiceImpl [http-nio-8090-exec-9] Order not found
2022-08-25 21:07:52,046 ERROR com.codeblue.montreISTA.service.implement.OrderServiceImpl [http-nio-8090-exec-9] ==================== Logger End Error ====================
2022-08-25 21:11:22,745 ERROR com.codeblue.montreISTA.service.implement.UserServiceImpl [http-nio-8090-exec-1] ==================== Logger Start Error ====================
2022-08-25 21:11:22,747 ERROR com.codeblue.montreISTA.service.implement.UserServiceImpl [http-nio-8090-exec-1] Username is already in use
2022-08-25 21:11:22,747 ERROR com.codeblue.montreISTA.service.implement.UserServiceImpl [http-nio-8090-exec-1] ==================== Logger End Error ====================
2022-08-25 21:11:40,702 ERROR com.codeblue.montreISTA.service.implement.UserServiceImpl [http-nio-8090-exec-10] ==================== Logger Start Error ====================
2022-08-25 21:11:40,705 ERROR com.codeblue.montreISTA.service.implement.UserServiceImpl [http-nio-8090-exec-10] Phone is already in use
2022-08-25 21:11:40,706 ERROR com.codeblue.montreISTA.service.implement.UserServiceImpl [http-nio-8090-exec-10] ==================== Logger End Error ====================
2022-08-25 21:11:45,546 INFO com.codeblue.montreISTA.service.implement.UserServiceImpl [http-nio-8090-exec-2] ====================Logger Start Registration ====================
2022-08-25 21:11:45,570 INFO com.codeblue.montreISTA.service.implement.UserServiceImpl [http-nio-8090-exec-2] UserResponseDTO{user_id=17, username='Nadine_1st33', email_id='nadine33@ist.id', address='Jalan Soekarno Hatta Nomor 19, RT/RW 07/01. kel. cibrebes, kec. citayam, depok', name='Nadine33', photo='https://cdn.pixabay.com/photo/2015/10/05/22/37/blank-profile-picture-973460_1280.png', phone='081340044224', roles=[ROLE_USER]}
2022-08-25 21:11:45,571 INFO com.codeblue.montreISTA.service.implement.UserServiceImpl [http-nio-8090-exec-2] ====================Logger End Registration ====================
2022-08-25 21:12:00,615 INFO com.codeblue.montreISTA.service.implement.UserServiceImpl [http-nio-8090-exec-3] ====================Logger Start Login ====================
2022-08-25 21:12:00,616 INFO com.codeblue.montreISTA.service.implement.UserServiceImpl [http-nio-8090-exec-3] com.codeblue.montreISTA.DTO.JwtResponse@3e10c219
2022-08-25 21:12:00,616 INFO com.codeblue.montreISTA.service.implement.UserServiceImpl [http-nio-8090-exec-3] ====================Logger End Login ====================
2022-08-25 21:12:28,185 ERROR com.codeblue.montreISTA.service.implement.SellerServiceImpl [http-nio-8090-exec-8] ==================== Logger Start Error ====================
2022-08-25 21:12:28,186 ERROR com.codeblue.montreISTA.service.implement.SellerServiceImpl [http-nio-8090-exec-8] Your Store Name has been used
2022-08-25 21:12:28,186 ERROR com.codeblue.montreISTA.service.implement.SellerServiceImpl [http-nio-8090-exec-8] ==================== Logger End Error ====================
2022-08-25 21:12:33,741 INFO com.codeblue.montreISTA.service.implement.SellerServiceImpl [http-nio-8090-exec-7] ====================Logger Start Create ====================
2022-08-25 21:12:33,742 INFO com.codeblue.montreISTA.service.implement.SellerServiceImpl [http-nio-8090-exec-7] com.codeblue.montreISTA.DTO.SellerResponseDTO@5088169c
2022-08-25 21:12:33,742 INFO com.codeblue.montreISTA.service.implement.SellerServiceImpl [http-nio-8090-exec-7] ====================Logger End Create ====================
2022-08-25 21:12:51,455 INFO com.codeblue.montreISTA.service.implement.ProductServiceImpl [http-nio-8090-exec-10] ====================Logger Start Create ====================
2022-08-25 21:12:51,456 INFO com.codeblue.montreISTA.service.implement.ProductServiceImpl [http-nio-8090-exec-10] com.codeblue.montreISTA.DTO.ProductResponseDTO@790344a9
2022-08-25 21:12:51,456 INFO com.codeblue.montreISTA.service.implement.ProductServiceImpl [http-nio-8090-exec-10] ====================Logger End Create ====================
2022-08-25 21:13:42,492 INFO com.codeblue.montreISTA.service.implement.PhotoServiceImp [http-nio-8090-exec-6] ====================Logger Start Query ====================
2022-08-25 21:13:42,500 INFO com.codeblue.montreISTA.service.implement.PhotoServiceImp [http-nio-8090-exec-6] [PhotoResponseDTO{photo_id=18, photo_url='http://res.cloudinary.com/zainalabiddin/image/upload/v1661436823/gsozad3uhctxllnexw6r.png', product_id=17, product_name='jam rolex #40 series', description='jam tangan premium buatan swiss dilapisi emas dan berlian', price=200000000, seller_name='Nadine33', store_name='1st1s Store', store_photo='https://www.shutterstock.com/image-vector/shop-icon-store-230619400', store_address='Jalan Mawar No 36, Yogyakarta'}]
2022-08-25 21:13:42,500 INFO com.codeblue.montreISTA.service.implement.PhotoServiceImp [http-nio-8090-exec-6] ====================Logger End Query ====================
2022-08-25 21:13:57,103 INFO com.codeblue.montreISTA.service.implement.BuyerServiceImpl [http-nio-8090-exec-7] ====================Logger Start Create ====================
2022-08-25 21:13:57,103 INFO com.codeblue.montreISTA.service.implement.BuyerServiceImpl [http-nio-8090-exec-7] [com.codeblue.montreISTA.DTO.ProductResponseDTO@77c9863a, com.codeblue.montreISTA.DTO.ProductResponseDTO@6c7cf7fa, com.codeblue.montreISTA.DTO.ProductResponseDTO@26dd888b, com.codeblue.montreISTA.DTO.ProductResponseDTO@2c6f0179, com.codeblue.montreISTA.DTO.ProductResponseDTO@17acaa98, com.codeblue.montreISTA.DTO.ProductResponseDTO@1c644cb0, com.codeblue.montreISTA.DTO.ProductResponseDTO@56b70667, com.codeblue.montreISTA.DTO.ProductResponseDTO@287a101, com.codeblue.montreISTA.DTO.ProductResponseDTO@700d33a3, com.codeblue.montreISTA.DTO.ProductResponseDTO@4e32f0de]
2022-08-25 21:13:57,103 INFO com.codeblue.montreISTA.service.implement.BuyerServiceImpl [http-nio-8090-exec-7] ====================Logger End Create ====================
2022-08-25 21:14:15,364 INFO com.codeblue.montreISTA.service.implement.ProductServiceImpl [http-nio-8090-exec-5] ====================Logger Start Get category name ====================
2022-08-25 21:14:15,364 INFO com.codeblue.montreISTA.service.implement.ProductServiceImpl [http-nio-8090-exec-5] [com.codeblue.montreISTA.DTO.ProductResponseDTO@3da9369c, com.codeblue.montreISTA.DTO.ProductResponseDTO@60f1439e, com.codeblue.montreISTA.DTO.ProductResponseDTO@7d0c95ae, com.codeblue.montreISTA.DTO.ProductResponseDTO@5aebfca1, com.codeblue.montreISTA.DTO.ProductResponseDTO@2e022cb6, com.codeblue.montreISTA.DTO.ProductResponseDTO@4405775b, com.codeblue.montreISTA.DTO.ProductResponseDTO@5dbd2b90, com.codeblue.montreISTA.DTO.ProductResponseDTO@5836ca72, com.codeblue.montreISTA.DTO.ProductResponseDTO@676e3a5e, com.codeblue.montreISTA.DTO.ProductResponseDTO@83e2647]
2022-08-25 21:14:15,365 INFO com.codeblue.montreISTA.service.implement.ProductServiceImpl [http-nio-8090-exec-5] ====================Logger End Get category name ====================
2022-08-25 21:14:32,994 INFO com.codeblue.montreISTA.service.implement.WishlistServiceImpl [http-nio-8090-exec-10] ====================Logger Start Create ====================
2022-08-25 21:14:33,005 INFO com.codeblue.montreISTA.service.implement.WishlistServiceImpl [http-nio-8090-exec-10] WishlistResponseDTO{wishlist_id=16, buyer_id=16, product_id=com.codeblue.montreISTA.DTO.ProductResponseDTO@7d623429, quantity=1, created_at=2022-08-25T21:14:32.980379100+07:00[Asia/Bangkok], modified_at=2022-08-25T21:14:32.980379100+07:00[Asia/Bangkok]}
2022-08-25 21:14:33,006 INFO com.codeblue.montreISTA.service.implement.WishlistServiceImpl [http-nio-8090-exec-10] ====================Logger End Create ====================
2022-08-25 21:14:46,832 INFO com.codeblue.montreISTA.service.implement.CartServiceImpl [http-nio-8090-exec-4] ====================Logger Start Get By Id ====================
2022-08-25 21:14:46,833 INFO com.codeblue.montreISTA.service.implement.CartServiceImpl [http-nio-8090-exec-4] [com.codeblue.montreISTA.DTO.CartResponseDTO@3ea91924]
2022-08-25 21:14:46,834 INFO com.codeblue.montreISTA.service.implement.CartServiceImpl [http-nio-8090-exec-4] ====================Logger End Get By Id ====================
2022-08-25 21:14:58,913 INFO com.codeblue.montreISTA.service.implement.OrderServiceImpl [http-nio-8090-exec-6] ====================Logger Start Get By Buyer ====================
2022-08-25 21:14:58,915 INFO com.codeblue.montreISTA.service.implement.OrderServiceImpl [http-nio-8090-exec-6] OrderResponseCartDTO{orderId=4, total_price=1911000, cart=[com.codeblue.montreISTA.DTO.OrderCartDTO@2363b495], is_payment=Unpaid}
2022-08-25 21:14:58,915 INFO com.codeblue.montreISTA.service.implement.OrderServiceImpl [http-nio-8090-exec-6] ====================Logger End Get By Buyer ====================
2022-08-25 21:15:12,366 INFO com.codeblue.montreISTA.service.implement.OrderServiceImpl [http-nio-8090-exec-7] ====================Logger Start Update====================
2022-08-25 21:15:12,367 INFO com.codeblue.montreISTA.service.implement.OrderServiceImpl [http-nio-8090-exec-7] OrderResponseDTO{orderId=4, listCart=[com.codeblue.montreISTA.DTO.CartResponseDTO@225612d2], payment_id=5, payment_name='OVO', shipping_id=1, shipping_name='JNE', total_price=1911000, destination_name='string', destination_address='string', destination_phone='string', zip_code='string', createdAt=2022-08-25T21:14:46.822475+07:00[Asia/Bangkok], modifiedAt=2022-08-25T21:15:12.359010900+07:00[Asia/Bangkok]}
2022-08-25 21:15:12,367 INFO com.codeblue.montreISTA.service.implement.OrderServiceImpl [http-nio-8090-exec-7] ====================Logger End Update====================
2022-08-25 21:15:21,152 INFO com.codeblue.montreISTA.service.implement.OrderServiceImpl [http-nio-8090-exec-9] ====================Logger Start Get By Buyer ====================
2022-08-25 21:15:21,153 INFO com.codeblue.montreISTA.service.implement.OrderServiceImpl [http-nio-8090-exec-9] OrderResponseCartDTO{orderId=4, total_price=1911000, cart=[com.codeblue.montreISTA.DTO.OrderCartDTO@ad12610], is_payment=Unpaid}
2022-08-25 21:15:21,154 INFO com.codeblue.montreISTA.service.implement.OrderServiceImpl [http-nio-8090-exec-9] ====================Logger End Get By Buyer ====================
2022-08-25 21:15:26,958 ERROR com.codeblue.montreISTA.service.implement.TransactionServiceImpl [http-nio-8090-exec-1] ==================== Logger Start Error ====================
2022-08-25 21:15:26,959 ERROR com.codeblue.montreISTA.service.implement.TransactionServiceImpl [http-nio-8090-exec-1] Please pay first !
2022-08-25 21:15:26,961 ERROR com.codeblue.montreISTA.service.implement.TransactionServiceImpl [http-nio-8090-exec-1] ==================== Logger End Error ====================
2022-08-25 21:15:31,160 INFO com.codeblue.montreISTA.service.implement.OrderServiceImpl [http-nio-8090-exec-10] ====================Logger Start Get By Buyer ====================
2022-08-25 21:15:31,162 INFO com.codeblue.montreISTA.service.implement.OrderServiceImpl [http-nio-8090-exec-10] OrderResponseDTO{orderId=4, listCart=[com.codeblue.montreISTA.DTO.CartResponseDTO@72ff40c], payment_id=5, payment_name='OVO', shipping_id=1, shipping_name='JNE', total_price=1911000, destination_name='string', destination_address='string', destination_phone='string', zip_code='string', createdAt=2022-08-25T21:14:46.822475+07:00[Asia/Bangkok], modifiedAt=2022-08-25T21:15:31.147932400+07:00[Asia/Bangkok]}
2022-08-25 21:15:31,162 INFO com.codeblue.montreISTA.service.implement.OrderServiceImpl [http-nio-8090-exec-10] ====================Logger End Get By Buyer ====================
2022-08-25 21:15:42,940 ERROR com.codeblue.montreISTA.service.implement.TransactionServiceImpl [http-nio-8090-exec-4] ==================== Logger Start Error ====================
2022-08-25 21:15:42,941 ERROR com.codeblue.montreISTA.service.implement.TransactionServiceImpl [http-nio-8090-exec-4] You don't have order
2022-08-25 21:15:42,942 ERROR com.codeblue.montreISTA.service.implement.TransactionServiceImpl [http-nio-8090-exec-4] ==================== Logger End Error ====================
2022-08-25 21:15:52,856 INFO com.codeblue.montreISTA.service.implement.TransactionServiceImpl [http-nio-8090-exec-6] ====================Logger Start Get Checkout Order====================
2022-08-25 21:15:52,857 INFO com.codeblue.montreISTA.service.implement.TransactionServiceImpl [http-nio-8090-exec-6] [com.codeblue.montreISTA.DTO.TransactionDetailResponseDTO@34ae5a54]
2022-08-25 21:15:52,857 INFO com.codeblue.montreISTA.service.implement.TransactionServiceImpl [http-nio-8090-exec-6] ====================Logger End Get Checkout Order ====================
2022-08-25 21:16:00,565 INFO com.codeblue.montreISTA.service.implement.TransactionServiceImpl [http-nio-8090-exec-8] ====================Logger Start Get Transactions Buyer====================
2022-08-25 21:16:00,566 INFO com.codeblue.montreISTA.service.implement.TransactionServiceImpl [http-nio-8090-exec-8] [com.codeblue.montreISTA.DTO.TransactionResponseDTO@51e72454]
2022-08-25 21:16:00,566 INFO com.codeblue.montreISTA.service.implement.TransactionServiceImpl [http-nio-8090-exec-8] ====================Logger End Get Transactions Buyer====================
2022-08-25 21:16:07,193 INFO com.codeblue.montreISTA.service.implement.TransactionServiceImpl [http-nio-8090-exec-9] ====================Logger Start Get Transactions Detail Buyer====================
2022-08-25 21:16:07,194 INFO com.codeblue.montreISTA.service.implement.TransactionServiceImpl [http-nio-8090-exec-9] [com.codeblue.montreISTA.DTO.TransactionDetailResponseDTO@d7b50c8]
2022-08-25 21:16:07,194 INFO com.codeblue.montreISTA.service.implement.TransactionServiceImpl [http-nio-8090-exec-9] ====================Logger End Get Transactions Detail Buyer====================
2022-08-25 23:14:20,754 INFO org.springframework.orm.jpa.AbstractEntityManagerFactoryBean [SpringApplicationShutdownHook] Closing JPA EntityManagerFactory for persistence unit 'default'
2022-08-25 23:14:20,787 INFO com.zaxxer.hikari.HikariDataSource [SpringApplicationShutdownHook] HikariPool-1 - Shutdown initiated...
2022-08-25 23:14:20,803 INFO com.zaxxer.hikari.HikariDataSource [SpringApplicationShutdownHook] HikariPool-1 - Shutdown completed.
